2025-04-27 00:13:33,879 [INFO] UtilMem:75 - End SaveConfig() Used Memory: 993085688 Bytes (1073741824)
2025-04-27 00:13:36,965 [INFO] UtilMem:75 - End SaveConfig() Used Memory: 736186432 Bytes (1073741824)
2025-04-27 00:13:39,088 [INFO] UtilMem:75 - End SaveConfig() Used Memory: 827412288 Bytes (1073741824)
2025-04-27 00:13:41,815 [INFO] BlockDiagram:2766 - set Specific Code input for plugin: FREERTOS
2025-04-27 00:13:41,815 [INFO] BlockDiagram:2766 - set Specific Code input for plugin: SYS
2025-04-27 00:13:41,815 [INFO] BlockDiagram:2766 - set Specific Code input for plugin: RCC
2025-04-27 00:13:41,815 [INFO] BlockDiagram:2766 - set Specific Code input for plugin: NVIC
2025-04-27 00:13:41,815 [INFO] BlockDiagram:2766 - set Specific Code input for plugin: USART
2025-04-27 00:13:41,817 [INFO] BlockDiagram:2766 - set Specific Code input for plugin: GPIO
2025-04-27 00:13:41,818 [INFO] CodeGenerator:896 - code generatio: config db path: C:\ST\STM32CubeIDE_1.17.0\STM32CubeIDE\plugins\com.st.stm32cube.common.mx_6.13.0.202411220809\\db\
2025-04-27 00:13:41,978 [INFO] CodeEngine:255 - oldGeneratedFile, C:\Users\debor\OneDrive\Desktop\ENSEA\ENSEA_24-25\Semestre_10\Noyau_temps_reel\FreeRTOS\TP_FreeRTOS\MXTmpFiles\license.tmp_save
2025-04-27 00:13:42,443 [INFO] CodeEngine:279 - Generated code: C:\Users\debor\OneDrive\Desktop\ENSEA\ENSEA_24-25\Semestre_10\Noyau_temps_reel\FreeRTOS\TP_FreeRTOS\MXTmpFiles\license.tmp
2025-04-27 00:13:42,820 [INFO] CodeEngine:255 - oldGeneratedFile, C:\Users\debor\OneDrive\Desktop\ENSEA\ENSEA_24-25\Semestre_10\Noyau_temps_reel\FreeRTOS\TP_FreeRTOS\Core\Src\gpio.c_save
2025-04-27 00:13:43,025 [INFO] CodeEngine:279 - Generated code: C:\Users\debor\OneDrive\Desktop\ENSEA\ENSEA_24-25\Semestre_10\Noyau_temps_reel\FreeRTOS\TP_FreeRTOS\Core\Src\gpio.c
2025-04-27 00:13:43,094 [INFO] CodeEngine:255 - oldGeneratedFile, C:\Users\debor\OneDrive\Desktop\ENSEA\ENSEA_24-25\Semestre_10\Noyau_temps_reel\FreeRTOS\TP_FreeRTOS\Core\Inc\gpio.h_save
2025-04-27 00:13:43,188 [INFO] CodeEngine:279 - Generated code: C:\Users\debor\OneDrive\Desktop\ENSEA\ENSEA_24-25\Semestre_10\Noyau_temps_reel\FreeRTOS\TP_FreeRTOS\Core\Inc\gpio.h
2025-04-27 00:13:44,478 [INFO] Middleware:1450 - No code input for Bsp Dependency
2025-04-27 00:13:44,486 [INFO] CodeEngine:255 - oldGeneratedFile, C:\Users\debor\OneDrive\Desktop\ENSEA\ENSEA_24-25\Semestre_10\Noyau_temps_reel\FreeRTOS\TP_FreeRTOS\MXTmpFiles\rtos_inc.tmp_save
2025-04-27 00:13:44,549 [INFO] CodeEngine:279 - Generated code: C:\Users\debor\OneDrive\Desktop\ENSEA\ENSEA_24-25\Semestre_10\Noyau_temps_reel\FreeRTOS\TP_FreeRTOS\MXTmpFiles\rtos_inc.tmp
2025-04-27 00:13:44,557 [INFO] CodeEngine:255 - oldGeneratedFile, C:\Users\debor\OneDrive\Desktop\ENSEA\ENSEA_24-25\Semestre_10\Noyau_temps_reel\FreeRTOS\TP_FreeRTOS\MXTmpFiles\rtos_vars.tmp_save
2025-04-27 00:13:44,621 [INFO] CodeEngine:279 - Generated code: C:\Users\debor\OneDrive\Desktop\ENSEA\ENSEA_24-25\Semestre_10\Noyau_temps_reel\FreeRTOS\TP_FreeRTOS\MXTmpFiles\rtos_vars.tmp
2025-04-27 00:13:44,627 [INFO] CodeEngine:255 - oldGeneratedFile, C:\Users\debor\OneDrive\Desktop\ENSEA\ENSEA_24-25\Semestre_10\Noyau_temps_reel\FreeRTOS\TP_FreeRTOS\MXTmpFiles\rtos_pfp.tmp_save
2025-04-27 00:13:44,684 [INFO] CodeEngine:279 - Generated code: C:\Users\debor\OneDrive\Desktop\ENSEA\ENSEA_24-25\Semestre_10\Noyau_temps_reel\FreeRTOS\TP_FreeRTOS\MXTmpFiles\rtos_pfp.tmp
2025-04-27 00:13:44,689 [INFO] CodeEngine:255 - oldGeneratedFile, C:\Users\debor\OneDrive\Desktop\ENSEA\ENSEA_24-25\Semestre_10\Noyau_temps_reel\FreeRTOS\TP_FreeRTOS\MXTmpFiles\rtos_obj_creat.tmp_save
2025-04-27 00:13:44,751 [INFO] CodeEngine:279 - Generated code: C:\Users\debor\OneDrive\Desktop\ENSEA\ENSEA_24-25\Semestre_10\Noyau_temps_reel\FreeRTOS\TP_FreeRTOS\MXTmpFiles\rtos_obj_creat.tmp
2025-04-27 00:13:44,756 [INFO] CodeEngine:255 - oldGeneratedFile, C:\Users\debor\OneDrive\Desktop\ENSEA\ENSEA_24-25\Semestre_10\Noyau_temps_reel\FreeRTOS\TP_FreeRTOS\MXTmpFiles\rtos_kernelStart.tmp_save
2025-04-27 00:13:44,811 [INFO] CodeEngine:279 - Generated code: C:\Users\debor\OneDrive\Desktop\ENSEA\ENSEA_24-25\Semestre_10\Noyau_temps_reel\FreeRTOS\TP_FreeRTOS\MXTmpFiles\rtos_kernelStart.tmp
2025-04-27 00:13:44,816 [INFO] CodeEngine:255 - oldGeneratedFile, C:\Users\debor\OneDrive\Desktop\ENSEA\ENSEA_24-25\Semestre_10\Noyau_temps_reel\FreeRTOS\TP_FreeRTOS\MXTmpFiles\rtos_default_thread.tmp_save
2025-04-27 00:13:44,876 [INFO] CodeEngine:279 - Generated code: C:\Users\debor\OneDrive\Desktop\ENSEA\ENSEA_24-25\Semestre_10\Noyau_temps_reel\FreeRTOS\TP_FreeRTOS\MXTmpFiles\rtos_default_thread.tmp
2025-04-27 00:13:44,881 [INFO] CodeEngine:255 - oldGeneratedFile, C:\Users\debor\OneDrive\Desktop\ENSEA\ENSEA_24-25\Semestre_10\Noyau_temps_reel\FreeRTOS\TP_FreeRTOS\MXTmpFiles\rtos_threads.tmp_save
2025-04-27 00:13:44,936 [INFO] CodeEngine:279 - Generated code: C:\Users\debor\OneDrive\Desktop\ENSEA\ENSEA_24-25\Semestre_10\Noyau_temps_reel\FreeRTOS\TP_FreeRTOS\MXTmpFiles\rtos_threads.tmp
2025-04-27 00:13:44,954 [INFO] Middleware:1450 - No code input for Bsp Dependency
2025-04-27 00:13:44,964 [INFO] CodeEngine:255 - oldGeneratedFile, C:\Users\debor\OneDrive\Desktop\ENSEA\ENSEA_24-25\Semestre_10\Noyau_temps_reel\FreeRTOS\TP_FreeRTOS\MXTmpFiles\rtos_inc.tmp_save
2025-04-27 00:13:45,025 [INFO] CodeEngine:279 - Generated code: C:\Users\debor\OneDrive\Desktop\ENSEA\ENSEA_24-25\Semestre_10\Noyau_temps_reel\FreeRTOS\TP_FreeRTOS\MXTmpFiles\rtos_inc.tmp
2025-04-27 00:13:45,030 [INFO] CodeEngine:255 - oldGeneratedFile, C:\Users\debor\OneDrive\Desktop\ENSEA\ENSEA_24-25\Semestre_10\Noyau_temps_reel\FreeRTOS\TP_FreeRTOS\MXTmpFiles\rtos_vars.tmp_save
2025-04-27 00:13:45,091 [INFO] CodeEngine:279 - Generated code: C:\Users\debor\OneDrive\Desktop\ENSEA\ENSEA_24-25\Semestre_10\Noyau_temps_reel\FreeRTOS\TP_FreeRTOS\MXTmpFiles\rtos_vars.tmp
2025-04-27 00:13:45,098 [INFO] CodeEngine:255 - oldGeneratedFile, C:\Users\debor\OneDrive\Desktop\ENSEA\ENSEA_24-25\Semestre_10\Noyau_temps_reel\FreeRTOS\TP_FreeRTOS\MXTmpFiles\rtos_pfp.tmp_save
2025-04-27 00:13:45,149 [INFO] CodeEngine:279 - Generated code: C:\Users\debor\OneDrive\Desktop\ENSEA\ENSEA_24-25\Semestre_10\Noyau_temps_reel\FreeRTOS\TP_FreeRTOS\MXTmpFiles\rtos_pfp.tmp
2025-04-27 00:13:45,155 [INFO] CodeEngine:255 - oldGeneratedFile, C:\Users\debor\OneDrive\Desktop\ENSEA\ENSEA_24-25\Semestre_10\Noyau_temps_reel\FreeRTOS\TP_FreeRTOS\MXTmpFiles\rtos_obj_creat.tmp_save
2025-04-27 00:13:45,212 [INFO] CodeEngine:279 - Generated code: C:\Users\debor\OneDrive\Desktop\ENSEA\ENSEA_24-25\Semestre_10\Noyau_temps_reel\FreeRTOS\TP_FreeRTOS\MXTmpFiles\rtos_obj_creat.tmp
2025-04-27 00:13:45,217 [INFO] CodeEngine:255 - oldGeneratedFile, C:\Users\debor\OneDrive\Desktop\ENSEA\ENSEA_24-25\Semestre_10\Noyau_temps_reel\FreeRTOS\TP_FreeRTOS\MXTmpFiles\rtos_kernelStart.tmp_save
2025-04-27 00:13:45,279 [INFO] CodeEngine:279 - Generated code: C:\Users\debor\OneDrive\Desktop\ENSEA\ENSEA_24-25\Semestre_10\Noyau_temps_reel\FreeRTOS\TP_FreeRTOS\MXTmpFiles\rtos_kernelStart.tmp
2025-04-27 00:13:45,285 [INFO] CodeEngine:255 - oldGeneratedFile, C:\Users\debor\OneDrive\Desktop\ENSEA\ENSEA_24-25\Semestre_10\Noyau_temps_reel\FreeRTOS\TP_FreeRTOS\MXTmpFiles\rtos_default_thread.tmp_save
2025-04-27 00:13:45,342 [INFO] CodeEngine:279 - Generated code: C:\Users\debor\OneDrive\Desktop\ENSEA\ENSEA_24-25\Semestre_10\Noyau_temps_reel\FreeRTOS\TP_FreeRTOS\MXTmpFiles\rtos_default_thread.tmp
2025-04-27 00:13:45,347 [INFO] CodeEngine:255 - oldGeneratedFile, C:\Users\debor\OneDrive\Desktop\ENSEA\ENSEA_24-25\Semestre_10\Noyau_temps_reel\FreeRTOS\TP_FreeRTOS\MXTmpFiles\rtos_threads.tmp_save
2025-04-27 00:13:45,392 [INFO] CodeEngine:279 - Generated code: C:\Users\debor\OneDrive\Desktop\ENSEA\ENSEA_24-25\Semestre_10\Noyau_temps_reel\FreeRTOS\TP_FreeRTOS\MXTmpFiles\rtos_threads.tmp
2025-04-27 00:13:45,401 [INFO] CodeEngine:255 - oldGeneratedFile, C:\Users\debor\OneDrive\Desktop\ENSEA\ENSEA_24-25\Semestre_10\Noyau_temps_reel\FreeRTOS\TP_FreeRTOS\Core\Inc\FreeRTOSConfig.h_save
2025-04-27 00:13:45,462 [INFO] CodeEngine:279 - Generated code: C:\Users\debor\OneDrive\Desktop\ENSEA\ENSEA_24-25\Semestre_10\Noyau_temps_reel\FreeRTOS\TP_FreeRTOS\Core\Inc\FreeRTOSConfig.h
2025-04-27 00:13:45,471 [INFO] CodeEngine:255 - oldGeneratedFile, C:\Users\debor\OneDrive\Desktop\ENSEA\ENSEA_24-25\Semestre_10\Noyau_temps_reel\FreeRTOS\TP_FreeRTOS\Core\Src\freertos.c_save
2025-04-27 00:13:45,527 [INFO] CodeEngine:279 - Generated code: C:\Users\debor\OneDrive\Desktop\ENSEA\ENSEA_24-25\Semestre_10\Noyau_temps_reel\FreeRTOS\TP_FreeRTOS\Core\Src\freertos.c
2025-04-27 00:13:45,538 [INFO] CodeEngine:255 - oldGeneratedFile, C:\Users\debor\OneDrive\Desktop\ENSEA\ENSEA_24-25\Semestre_10\Noyau_temps_reel\FreeRTOS\TP_FreeRTOS\MXTmpFiles\cortex.tmp_save
2025-04-27 00:13:45,598 [INFO] CodeEngine:279 - Generated code: C:\Users\debor\OneDrive\Desktop\ENSEA\ENSEA_24-25\Semestre_10\Noyau_temps_reel\FreeRTOS\TP_FreeRTOS\MXTmpFiles\cortex.tmp
2025-04-27 00:13:45,614 [INFO] CodeEngine:255 - oldGeneratedFile, C:\Users\debor\OneDrive\Desktop\ENSEA\ENSEA_24-25\Semestre_10\Noyau_temps_reel\FreeRTOS\TP_FreeRTOS\Core\Src\usart.c_save
2025-04-27 00:13:45,717 [INFO] CodeEngine:279 - Generated code: C:\Users\debor\OneDrive\Desktop\ENSEA\ENSEA_24-25\Semestre_10\Noyau_temps_reel\FreeRTOS\TP_FreeRTOS\Core\Src\usart.c
2025-04-27 00:13:45,724 [INFO] CodeEngine:255 - oldGeneratedFile, C:\Users\debor\OneDrive\Desktop\ENSEA\ENSEA_24-25\Semestre_10\Noyau_temps_reel\FreeRTOS\TP_FreeRTOS\Core\Inc\usart.h_save
2025-04-27 00:13:45,781 [INFO] CodeEngine:279 - Generated code: C:\Users\debor\OneDrive\Desktop\ENSEA\ENSEA_24-25\Semestre_10\Noyau_temps_reel\FreeRTOS\TP_FreeRTOS\Core\Inc\usart.h
2025-04-27 00:13:45,794 [INFO] CodeEngine:255 - oldGeneratedFile, C:\Users\debor\OneDrive\Desktop\ENSEA\ENSEA_24-25\Semestre_10\Noyau_temps_reel\FreeRTOS\TP_FreeRTOS\Core\Src\stm32f7xx_it.c_save
2025-04-27 00:13:45,965 [INFO] CodeEngine:279 - Generated code: C:\Users\debor\OneDrive\Desktop\ENSEA\ENSEA_24-25\Semestre_10\Noyau_temps_reel\FreeRTOS\TP_FreeRTOS\Core\Src\stm32f7xx_it.c
2025-04-27 00:13:45,977 [INFO] CodeEngine:255 - oldGeneratedFile, C:\Users\debor\OneDrive\Desktop\ENSEA\ENSEA_24-25\Semestre_10\Noyau_temps_reel\FreeRTOS\TP_FreeRTOS\Core\Inc\stm32f7xx_it.h_save
2025-04-27 00:13:46,045 [INFO] CodeEngine:279 - Generated code: C:\Users\debor\OneDrive\Desktop\ENSEA\ENSEA_24-25\Semestre_10\Noyau_temps_reel\FreeRTOS\TP_FreeRTOS\Core\Inc\stm32f7xx_it.h
2025-04-27 00:13:46,070 [INFO] CodeEngine:255 - oldGeneratedFile, C:\Users\debor\OneDrive\Desktop\ENSEA\ENSEA_24-25\Semestre_10\Noyau_temps_reel\FreeRTOS\TP_FreeRTOS\Core\Src\stm32f7xx_hal_msp.c_save
2025-04-27 00:13:46,151 [INFO] CodeEngine:279 - Generated code: C:\Users\debor\OneDrive\Desktop\ENSEA\ENSEA_24-25\Semestre_10\Noyau_temps_reel\FreeRTOS\TP_FreeRTOS\Core\Src\stm32f7xx_hal_msp.c
2025-04-27 00:13:46,162 [INFO] CodeEngine:255 - oldGeneratedFile, C:\Users\debor\OneDrive\Desktop\ENSEA\ENSEA_24-25\Semestre_10\Noyau_temps_reel\FreeRTOS\TP_FreeRTOS\MXTmpFiles\system.tmp_save
2025-04-27 00:13:46,245 [INFO] CodeEngine:279 - Generated code: C:\Users\debor\OneDrive\Desktop\ENSEA\ENSEA_24-25\Semestre_10\Noyau_temps_reel\FreeRTOS\TP_FreeRTOS\MXTmpFiles\system.tmp
2025-04-27 00:13:46,262 [INFO] CodeEngine:311 - oldGeneratedFile, C:\Users\debor\OneDrive\Desktop\ENSEA\ENSEA_24-25\Semestre_10\Noyau_temps_reel\FreeRTOS\TP_FreeRTOS\Core\Inc\stm32f7xx_hal_conf.h_save
2025-04-27 00:13:46,334 [INFO] CodeEngine:335 - Generated code: C:\Users\debor\OneDrive\Desktop\ENSEA\ENSEA_24-25\Semestre_10\Noyau_temps_reel\FreeRTOS\TP_FreeRTOS\Core\Inc\stm32f7xx_hal_conf.h
2025-04-27 00:13:46,363 [INFO] ApiDbMcu:508 - Load IP Config File for USART1
2025-04-27 00:13:46,382 [INFO] CodeEngine:255 - oldGeneratedFile, C:\Users\debor\OneDrive\Desktop\ENSEA\ENSEA_24-25\Semestre_10\Noyau_temps_reel\FreeRTOS\TP_FreeRTOS\Core\Inc\main.h_save
2025-04-27 00:13:46,457 [INFO] CodeEngine:279 - Generated code: C:\Users\debor\OneDrive\Desktop\ENSEA\ENSEA_24-25\Semestre_10\Noyau_temps_reel\FreeRTOS\TP_FreeRTOS\Core\Inc\main.h
2025-04-27 00:13:46,463 [INFO] CodeEngine:255 - oldGeneratedFile, C:\Users\debor\OneDrive\Desktop\ENSEA\ENSEA_24-25\Semestre_10\Noyau_temps_reel\FreeRTOS\TP_FreeRTOS\Core\Src\main.c_save
2025-04-27 00:13:46,537 [INFO] CodeEngine:279 - Generated code: C:\Users\debor\OneDrive\Desktop\ENSEA\ENSEA_24-25\Semestre_10\Noyau_temps_reel\FreeRTOS\TP_FreeRTOS\Core\Src\main.c
2025-04-27 00:13:46,922 [INFO] ProjectBuilder:3289 - Time for Copy HAL[1] : 266mS.
2025-04-27 00:13:46,929 [INFO] ProjectBuilder:4876 - Project Generator version: 4.5.0-RC5
2025-04-27 00:13:46,996 [INFO] ConfigFileManager:1579 - The Die is : DIE449
2025-04-27 00:13:48,532 [INFO] ProjectBuilder:5154 - Time for Generating toolchain IDE Files: 1603mS.
2025-04-27 00:13:48,534 [INFO] ProjectBuilder:3146 - Time for Copy CMSIS : 1mS.
2025-04-27 00:13:48,547 [INFO] ProjectBuilder:3146 - Time for Copy CMSIS : 0mS.
2025-04-27 02:20:54,479 [INFO] WebApp:190 - Connection lost
2025-04-27 09:14:41,510 [INFO] WebApp:187 - Connection restablished
2025-04-27 09:14:43,427 [INFO] WebApp:190 - Connection lost
2025-04-27 09:14:44,360 [INFO] WebApp:187 - Connection restablished
2025-04-27 09:14:46,473 [INFO] WebApp:190 - Connection lost
2025-04-27 09:14:46,631 [INFO] WebApp:187 - Connection restablished
2025-04-27 11:38:02,865 [INFO] WebApp:190 - Connection lost
2025-04-27 18:57:32,618 [INFO] WebApp:187 - Connection restablished
