2025-04-30 08:07:57,105 [INFO] WebApp:190 - Connection lost
2025-04-30 08:13:25,708 [INFO] WebApp:187 - Connection restablished
2025-04-30 08:13:26,230 [INFO] WebApp:190 - Connection lost
2025-04-30 08:13:26,363 [INFO] WebApp:187 - Connection restablished
2025-04-30 10:46:39,640 [INFO] WebApp:190 - Connection lost
2025-04-30 10:46:39,997 [INFO] WebApp:187 - Connection restablished
2025-04-30 11:50:50,602 [INFO] WebApp:190 - Connection lost
2025-04-30 11:50:50,740 [INFO] WebApp:187 - Connection restablished
2025-04-30 12:21:45,366 [INFO] WebApp:190 - Connection lost
2025-04-30 12:23:26,238 [INFO] WebApp:187 - Connection restablished
2025-04-30 12:23:29,519 [INFO] WebApp:190 - Connection lost
2025-04-30 12:23:29,651 [INFO] WebApp:187 - Connection restablished
2025-04-30 12:23:40,546 [INFO] WebApp:190 - Connection lost
2025-04-30 12:23:40,663 [INFO] WebApp:187 - Connection restablished
2025-04-30 13:08:58,536 [INFO] WebApp:190 - Connection lost
2025-04-30 13:08:58,696 [INFO] WebApp:187 - Connection restablished
2025-04-30 13:11:27,466 [INFO] NvicIntPanel:101 - NVIC parent = com.st.microxplorer.plugins.ip.nvic.MultiNvicIntPanel[,0,0,519x242,layout=javax.swing.BoxLayout,alignmentX=0.0,alignmentY=0.0,border=,flags=9,maximumSize=,minimumSize=,preferredSize=]
2025-04-30 13:12:01,571 [INFO] WebApp:190 - Connection lost
2025-04-30 13:12:02,336 [INFO] WebApp:187 - Connection restablished
2025-04-30 13:15:02,517 [INFO] WebApp:190 - Connection lost
2025-04-30 13:15:02,632 [INFO] WebApp:187 - Connection restablished
2025-04-30 13:35:21,102 [INFO] WebApp:190 - Connection lost
2025-04-30 13:36:02,873 [INFO] WebApp:187 - Connection restablished
2025-04-30 14:06:22,496 [INFO] MainUpdater:2872 - connection check result : 10
2025-04-30 14:06:22,496 [INFO] MainUpdater:2872 - connection check result : 10
2025-04-30 14:06:22,584 [INFO] MicroXplorer:468 - Change Database Path : 
2025-04-30 14:06:22,584 [INFO] MicroXplorer:498 - Change Database Version : DB.6.0.130
2025-04-30 14:06:22,661 [ERROR] ProjectManagerView:394 - 
java.lang.NullPointerException: Cannot invoke "javax.swing.JTextField.getText()" because the return value of "java.util.List.get(int)" is null
	at com.st.microxplorer.plugins.projectmanager.gui.ProjectChoiceTab$9.caretUpdate(ProjectChoiceTab.java:2616) ~[filemanager.jar:?]
	at javax.swing.text.JTextComponent.fireCaretUpdate(JTextComponent.java:408) ~[?:?]
	at javax.swing.text.JTextComponent$MutableCaretEvent.fire(JTextComponent.java:4484) ~[?:?]
	at javax.swing.text.JTextComponent$MutableCaretEvent.stateChanged(JTextComponent.java:4506) ~[?:?]
	at javax.swing.text.DefaultCaret.fireStateChanged(DefaultCaret.java:857) ~[?:?]
	at javax.swing.text.DefaultCaret.changeCaretPosition(DefaultCaret.java:1343) ~[?:?]
	at javax.swing.text.DefaultCaret.handleSetDot(DefaultCaret.java:1242) ~[?:?]
	at javax.swing.text.DefaultCaret.setDot(DefaultCaret.java:1223) ~[?:?]
	at javax.swing.text.DefaultCaret$Handler.insertUpdate(DefaultCaret.java:1819) ~[?:?]
	at javax.swing.text.AbstractDocument.fireInsertUpdate(AbstractDocument.java:227) ~[?:?]
	at javax.swing.text.AbstractDocument.handleInsertString(AbstractDocument.java:781) ~[?:?]
	at javax.swing.text.AbstractDocument.insertString(AbstractDocument.java:740) ~[?:?]
	at javax.swing.text.PlainDocument.insertString(PlainDocument.java:131) ~[?:?]
	at javax.swing.text.AbstractDocument.replace(AbstractDocument.java:699) ~[?:?]
	at javax.swing.text.JTextComponent.setText(JTextComponent.java:1725) ~[?:?]
	at com.st.microxplorer.plugins.projectmanager.gui.ProjectChoiceTab.createHeapStackFields(ProjectChoiceTab.java:975) ~[filemanager.jar:?]
	at com.st.microxplorer.plugins.projectmanager.gui.ProjectChoiceTab.buildLinkSettingsPanel(ProjectChoiceTab.java:3666) ~[filemanager.jar:?]
	at com.st.microxplorer.plugins.projectmanager.gui.ProjectChoiceTab.defineWindowsFields(ProjectChoiceTab.java:1934) ~[filemanager.jar:?]
	at com.st.microxplorer.plugins.projectmanager.gui.ProjectChoiceTab.updateSettings(ProjectChoiceTab.java:553) ~[filemanager.jar:?]
	at com.st.microxplorer.plugins.projectmanager.gui.ProjectSettingsPanel.UpdateDialog(ProjectSettingsPanel.java:245) ~[filemanager.jar:?]
	at com.st.microxplorer.plugins.projectmanager.ProjectManagerView.propertyChange(ProjectManagerView.java:391) ~[filemanager.jar:?]
	at java.beans.PropertyChangeSupport.fire(PropertyChangeSupport.java:343) ~[?:?]
	at java.beans.PropertyChangeSupport.firePropertyChange(PropertyChangeSupport.java:335) ~[?:?]
	at java.beans.PropertyChangeSupport.firePropertyChange(PropertyChangeSupport.java:268) ~[?:?]
	at com.st.microxplorer.util.MXPropertyChangeSupport.firePropertyChange(MXPropertyChangeSupport.java:54) ~[STM32CubeMX.jar:?]
	at com.st.microxplorer.mxsystem.MxSystem.closeConfig(MxSystem.java:899) ~[STM32CubeMX.jar:?]
	at com.st.microxplorer.maingui.MainPanel.closeConfig(MainPanel.java:789) ~[STM32CubeMX.jar:?]
	at com.st.microxplorer.plugins.filemanager.engine.OpenFileManager.loadConfigurationFile(OpenFileManager.java:265) ~[filemanager.jar:?]
	at com.st.microxplorer.plugins.filemanager.engine.MainFileManager.userLoadConfig(MainFileManager.java:340) ~[filemanager.jar:?]
	at com.st.microxplorer.plugins.filemanager.engine.MainFileManager.userLoadConfig(MainFileManager.java:318) ~[filemanager.jar:?]
	at com.st.microxplorer.plugins.filemanager.FileManagerView.getSpecificTask(FileManagerView.java:246) ~[filemanager.jar:?]
	at com.st.stm32cube.common.mx.editor.CubeMxEditor.getMxTabbedPaneInstance(CubeMxEditor.java:1198) ~[com.st.stm32cube.common.mx_6.13.0.202411220809/:?]
	at com.st.stm32cube.common.mx.editor.CubeMxEditor$12$1.createSwingComponent(CubeMxEditor.java:1068) ~[com.st.stm32cube.common.mx_6.13.0.202411220809/:?]
	at com.st.stm32cube.common.mx.oss.core.awtswtbridge.EmbeddedSwingComposite.doComponentCreation(EmbeddedSwingComposite.java:492) ~[com.st.stm32cube.common.mx.oss_6.13.0.202411220809/:?]
	at com.st.stm32cube.common.mx.oss.core.awtswtbridge.EmbeddedSwingComposite$4.run(EmbeddedSwingComposite.java:291) ~[com.st.stm32cube.common.mx.oss_6.13.0.202411220809/:?]
	at com.st.stm32cube.common.mx.oss.core.awtswtbridge.AwtEnvironment$2.run(AwtEnvironment.java:166) ~[com.st.stm32cube.common.mx.oss_6.13.0.202411220809/:?]
	at java.awt.event.InvocationEvent.dispatch(InvocationEvent.java:318) ~[?:?]
	at java.awt.EventQueue.dispatchEventImpl(EventQueue.java:773) ~[?:?]
	at java.awt.EventQueue$4.run(EventQueue.java:720) ~[?:?]
	at java.awt.EventQueue$4.run(EventQueue.java:714) ~[?:?]
	at java.security.AccessController.doPrivileged(AccessController.java:400) ~[?:?]
	at java.security.ProtectionDomain$JavaSecurityAccessImpl.doIntersectionPrivilege(ProtectionDomain.java:87) ~[?:?]
	at java.awt.EventQueue.dispatchEvent(EventQueue.java:742) ~[?:?]
	at java.awt.EventDispatchThread.pumpOneEventForFilters(EventDispatchThread.java:203) ~[?:?]
	at java.awt.EventDispatchThread.pumpEventsForFilter(EventDispatchThread.java:124) ~[?:?]
	at java.awt.EventDispatchThread.pumpEventsForHierarchy(EventDispatchThread.java:113) ~[?:?]
	at java.awt.EventDispatchThread.pumpEvents(EventDispatchThread.java:109) ~[?:?]
	at java.awt.EventDispatchThread.pumpEvents(EventDispatchThread.java:101) ~[?:?]
	at java.awt.EventDispatchThread.run(EventDispatchThread.java:90) ~[?:?]
2025-04-30 14:06:22,694 [WARN] ThirdParty:871 - waiting for thirdparty lock release [close project]
2025-04-30 14:06:22,694 [INFO] ThirdParty:873 - entering critical section [close project]
2025-04-30 14:06:22,694 [INFO] ThirdParty:883 - exiting critical section [close project]
2025-04-30 14:06:22,700 [INFO] PinOutPanel:1589 - setPackage(No Configuration,No Configuration)
2025-04-30 14:06:22,742 [WARN] IpParametersView:154 - Warning: This peripheral hasn't parameters
2025-04-30 14:06:22,760 [WARN] MainPanel:289 - <html><b><center>Warning: This peripheral has no parameters to be configured<br></b></html>
2025-04-30 14:06:22,769 [ERROR] MainPanel:599 - java.lang.IndexOutOfBoundsException: Index: 0, Tab count: 0
2025-04-30 14:06:22,788 [INFO] UtilMem:75 - Begin LoadConfig() Used Memory: 821128272 Bytes (1073741824)
2025-04-30 14:07:21,815 [INFO] MicroXplorer:468 - Change Database Path : 
2025-04-30 14:07:21,816 [INFO] MicroXplorer:498 - Change Database Version : DB.6.0.130
2025-04-30 14:07:21,816 [INFO] OpenFileManager:332 - Change cursor
2025-04-30 14:07:21,859 [INFO] RulesReader:64 - Compatibility file has been processed (297 Rules)
2025-04-30 14:07:21,875 [INFO] Mcu:2035 - Initializing MCU STM32F746NGHx STM32F746NGHx STM32F746NGH6
2025-04-30 14:07:24,577 [INFO] Context:748 - Trying to add GPIOservice into a context  which must be forbidden
2025-04-30 14:07:25,372 [INFO] Rule:228 - rule WakeUp0 Mode is applicable
2025-04-30 14:07:25,373 [INFO] Rule:228 - rule WakeUp0 SIGNAL is applicable
2025-04-30 14:07:25,373 [INFO] Rule:228 - rule WakeUp1 Mode is applicable
2025-04-30 14:07:25,373 [INFO] Rule:228 - rule WakeUp1 SIGNAL is applicable
2025-04-30 14:07:25,373 [INFO] Rule:228 - rule WakeUp2 Mode is applicable
2025-04-30 14:07:25,373 [INFO] Rule:228 - rule WakeUp2 SIGNAL is applicable
2025-04-30 14:07:25,373 [INFO] Rule:228 - rule WakeUp4 Mode is applicable
2025-04-30 14:07:25,373 [INFO] Rule:228 - rule WakeUp4 SIGNAL is applicable
2025-04-30 14:07:25,373 [INFO] Rule:228 - rule WakeUp5 Mode is applicable
2025-04-30 14:07:25,373 [INFO] Rule:228 - rule WakeUp5 SIGNAL is applicable
2025-04-30 14:07:25,373 [INFO] Rule:228 - rule Change Default Value for LSE Drive Capability for WB family is applicable
2025-04-30 14:07:25,374 [INFO] Rule:228 - rule change FDCAN default value is applicable
2025-04-30 14:07:25,376 [INFO] DbConfProperties:307 - Apply Compatibility (1/12 Rules)
2025-04-30 14:07:25,556 [INFO] RtosManager:555 - Registered RTOS mode: class=CMSIS, group=RTOS, mode=CMSIS_V1, owner=FREERTOS
2025-04-30 14:07:25,556 [INFO] RtosManager:555 - Registered RTOS mode: class=CMSIS, group=RTOS2, mode=CMSIS_V2, owner=FREERTOS
2025-04-30 14:07:25,556 [INFO] RtosManager:555 - Registered RTOS mode: class=RTOS, group=Core, mode=CMSIS_V1, owner=FREERTOS
2025-04-30 14:07:25,556 [INFO] RtosManager:555 - Registered RTOS mode: class=RTOS, group=Core, mode=CMSIS_V2, owner=FREERTOS
2025-04-30 14:07:25,556 [WARN] ModelIntegratedComponent:184 - Missing modes for component STMicroelectronics:FreeRTOS:0.0.1:STMicroelectronics:RTOS:FreeRTOS:Core:::10.2.0:
2025-04-30 14:07:25,564 [WARN] ModelIntegratedComponent:63 - No mode defined for component null
2025-04-30 14:07:25,564 [WARN] ModelIntegratedComponent:63 - No mode defined for component null
2025-04-30 14:07:25,564 [WARN] ModelIntegratedComponent:63 - No mode defined for component null
2025-04-30 14:07:25,565 [WARN] ModelIntegratedComponent:63 - No mode defined for component null
2025-04-30 14:07:25,565 [WARN] ModelIntegratedComponent:63 - No mode defined for component null
2025-04-30 14:07:25,565 [WARN] ModelIntegratedComponent:63 - No mode defined for component null
2025-04-30 14:07:25,565 [WARN] ModelIntegratedComponent:63 - No mode defined for component null
2025-04-30 14:07:25,565 [WARN] ModelIntegratedComponent:63 - No mode defined for component null
2025-04-30 14:07:25,565 [WARN] ModelIntegratedComponent:63 - No mode defined for component null
2025-04-30 14:07:25,565 [WARN] ModelIntegratedComponent:63 - No mode defined for component null
2025-04-30 14:07:25,565 [WARN] ModelIntegratedComponent:63 - No mode defined for component null
2025-04-30 14:07:25,565 [WARN] ModelIntegratedComponent:63 - No mode defined for component null
2025-04-30 14:07:25,565 [WARN] ModelIntegratedComponent:63 - No mode defined for component null
2025-04-30 14:07:25,565 [WARN] ModelIntegratedComponent:63 - No mode defined for component null
2025-04-30 14:07:25,565 [WARN] ModelIntegratedComponent:63 - No mode defined for component null
2025-04-30 14:07:25,565 [WARN] ModelIntegratedComponent:63 - No mode defined for component null
2025-04-30 14:07:25,565 [WARN] ModelIntegratedComponent:63 - No mode defined for component null
2025-04-30 14:07:25,565 [WARN] ModelIntegratedComponent:63 - No mode defined for component null
2025-04-30 14:07:25,565 [WARN] ModelIntegratedComponent:63 - No mode defined for component null
2025-04-30 14:07:25,565 [WARN] ModelIntegratedComponent:63 - No mode defined for component null
2025-04-30 14:07:25,565 [WARN] ModelIntegratedComponent:63 - No mode defined for component null
2025-04-30 14:07:25,565 [WARN] ModelIntegratedComponent:63 - No mode defined for component null
2025-04-30 14:07:25,565 [WARN] ModelIntegratedComponent:63 - No mode defined for component null
2025-04-30 14:07:25,565 [WARN] ModelIntegratedComponent:63 - No mode defined for component null
2025-04-30 14:07:25,565 [WARN] ModelIntegratedComponent:63 - No mode defined for component null
2025-04-30 14:07:25,565 [WARN] ModelIntegratedComponent:63 - No mode defined for component null
2025-04-30 14:07:25,566 [WARN] ModelIntegratedComponent:63 - No mode defined for component null
2025-04-30 14:07:25,566 [WARN] ModelIntegratedComponent:63 - No mode defined for component null
2025-04-30 14:07:25,566 [WARN] ModelIntegratedComponent:63 - No mode defined for component null
2025-04-30 14:07:25,566 [WARN] ModelIntegratedComponent:63 - No mode defined for component null
2025-04-30 14:07:25,566 [WARN] ModelIntegratedComponent:63 - No mode defined for component null
2025-04-30 14:07:25,566 [WARN] ModelIntegratedComponent:63 - No mode defined for component null
2025-04-30 14:07:25,566 [WARN] ModelIntegratedComponent:63 - No mode defined for component null
2025-04-30 14:07:25,566 [WARN] ModelIntegratedComponent:63 - No mode defined for component null
2025-04-30 14:07:25,566 [WARN] ModelIntegratedComponent:63 - No mode defined for component null
2025-04-30 14:07:25,566 [WARN] ModelPack:524 - Component already loaded: STMicroelectronics:HAL Drivers:0.0.0:STMicroelectronics:Device:STMicro_Driver:XSPI:HAL::0.0.1:HAL_XSPI
2025-04-30 14:07:25,620 [INFO] ThirdPartyModel:298 - Start build external matchings
2025-04-30 14:07:25,937 [INFO] ThirdPartyModel:316 - End build external matchings
2025-04-30 14:07:25,949 [INFO] ImportTextPane:218 - (OptionalMessage_ERROR) IP (RCC) : Invalid parameter (FamilyName)
2025-04-30 14:07:25,950 [INFO] ImportTextPane:218 - (OptionalMessage_ERROR) IP (RCC) : Parameter (LCDTFToutputFreq_Value) has invalid value (48000000)
2025-04-30 14:07:25,951 [INFO] ImportTextPane:218 - (OptionalMessage_ERROR) IP (RCC) : Parameter (RNGFreq_Value) has invalid value (216000000)
2025-04-30 14:07:25,951 [INFO] ImportTextPane:218 - (OptionalMessage_ERROR) IP (RCC) : Parameter (SDMMCFreq_Value) has invalid value (216000000)
2025-04-30 14:07:25,951 [INFO] ImportTextPane:218 - (OptionalMessage_ERROR) IP (RCC) : Parameter (USBFreq_Value) has invalid value (216000000)
2025-04-30 14:07:26,501 [INFO] UtilMem:75 - End LoadConfig() Used Memory: 904843592 Bytes (1073741824)
2025-04-30 14:07:26,567 [WARN] ThirdParty:833 - waiting for thirdparty lock release [change project]
2025-04-30 14:07:26,568 [INFO] ThirdParty:835 - entering critical section [change project]
2025-04-30 14:07:26,568 [INFO] ThirdParty:1030 - CMSIS Pack Vendor :STMicroelectronics USBPD 4.1
2025-04-30 14:07:26,569 [INFO] ThirdParty:1030 - CMSIS Pack Vendor :STMicroelectronics X-CUBE-AZRTOS-H7 3.3.0
2025-04-30 14:07:26,569 [INFO] ThirdParty:1030 - CMSIS Pack Vendor :STMicroelectronics X-CUBE-NFC9 1.0.0
2025-04-30 14:07:26,569 [INFO] ThirdParty:1030 - CMSIS Pack Vendor :STMicroelectronics USB_HOST 2.0.0
2025-04-30 14:07:26,569 [INFO] ThirdParty:1030 - CMSIS Pack Vendor :STMicroelectronics FP-SNS-MOTENVWB1 1.4.0
2025-04-30 14:07:26,569 [INFO] ThirdParty:1030 - CMSIS Pack Vendor :STMicroelectronics X-CUBE-AZRTOS-F4 1.1.0
2025-04-30 14:07:26,569 [INFO] ThirdParty:1030 - CMSIS Pack Vendor :STMicroelectronics LIBJPEG 8.0.0
2025-04-30 14:07:26,569 [INFO] ThirdParty:1030 - CMSIS Pack Vendor :STMicroelectronics FP-ATR-ASTRA1 2.0.2
2025-04-30 14:07:26,569 [INFO] ThirdParty:1030 - CMSIS Pack Vendor :STMicroelectronics FP-ATR-ASTRA1 2.0.1
2025-04-30 14:07:26,569 [INFO] ThirdParty:1030 - CMSIS Pack Vendor :STMicroelectronics X-CUBE-BLE1 7.1.0
2025-04-30 14:07:26,569 [INFO] ThirdParty:1030 - CMSIS Pack Vendor :Avnet-IotConnect X-CUBE-IoTC-DA16k-PMOD 1.0.0
2025-04-30 14:07:26,569 [INFO] ThirdParty:1030 - CMSIS Pack Vendor :STMicroelectronics X-CUBE-SMBUS 2.1.0
2025-04-30 14:07:26,569 [INFO] ThirdParty:1030 - CMSIS Pack Vendor :STMicroelectronics X-CUBE-WB05N 1.1.0
2025-04-30 14:07:26,569 [INFO] ThirdParty:1030 - CMSIS Pack Vendor :STMicroelectronics USB_DEVICE 3.0.0
2025-04-30 14:07:26,570 [INFO] ThirdParty:1030 - CMSIS Pack Vendor :STMicroelectronics X-CUBE-ISPU 2.1.0
2025-04-30 14:07:26,570 [INFO] ThirdParty:1030 - CMSIS Pack Vendor :STMicroelectronics X-CUBE-AZRTOS-WB 2.0.0
2025-04-30 14:07:26,570 [INFO] ThirdParty:1030 - CMSIS Pack Vendor :STMicroelectronics X-CUBE-GNSS1 7.0.1
2025-04-30 14:07:26,570 [INFO] ThirdParty:1030 - CMSIS Pack Vendor :STMicroelectronics X-CUBE-AZRTOS-F7 1.1.0
2025-04-30 14:07:26,570 [INFO] ThirdParty:1030 - CMSIS Pack Vendor :STMicroelectronics X-CUBE-AZRTOS-L5 2.0.0
2025-04-30 14:07:26,570 [INFO] ThirdParty:1030 - CMSIS Pack Vendor :STMicroelectronics X-CUBE-TOUCHGFX 4.25.0
2025-04-30 14:07:26,570 [INFO] ThirdParty:1030 - CMSIS Pack Vendor :STMicroelectronics USB_DEVICE 2.0.0
2025-04-30 14:07:26,570 [INFO] ThirdParty:1030 - CMSIS Pack Vendor :STMicroelectronics X-CUBE-NFC6 3.1.0
2025-04-30 14:07:26,570 [INFO] ThirdParty:1030 - CMSIS Pack Vendor :STMicroelectronics FP-SNS-STBOX1 2.0.0
2025-04-30 14:07:26,570 [INFO] ThirdParty:1030 - CMSIS Pack Vendor :STMicroelectronics X-CUBE-MEMS1 11.2.0
2025-04-30 14:07:26,570 [INFO] ThirdParty:1030 - CMSIS Pack Vendor :STMicroelectronics FreeRTOS 0.0.1
2025-04-30 14:07:26,571 [INFO] ThirdParty:1030 - CMSIS Pack Vendor :STMicroelectronics X-CUBE-AZRTOS-G0 1.1.0
2025-04-30 14:07:26,571 [INFO] ThirdParty:1030 - CMSIS Pack Vendor :STMicroelectronics X-CUBE-SAFEA1 1.2.2
2025-04-30 14:07:26,571 [INFO] ThirdParty:1030 - CMSIS Pack Vendor :STMicroelectronics X-CUBE-NFC4 3.0.0
2025-04-30 14:07:26,571 [INFO] ThirdParty:1030 - CMSIS Pack Vendor :STMicroelectronics X-CUBE-DPower 1.2.0
2025-04-30 14:07:26,571 [INFO] ThirdParty:1030 - CMSIS Pack Vendor :STMicroelectronics X-CUBE-SUBG2 5.0.0
2025-04-30 14:07:26,571 [INFO] ThirdParty:1030 - CMSIS Pack Vendor :STMicroelectronics X-CUBE-AZRTOS-H7RS 1.1.0
2025-04-30 14:07:26,571 [INFO] ThirdParty:1030 - CMSIS Pack Vendor :STMicroelectronics STM32_WPAN 1.0.0
2025-04-30 14:07:26,571 [INFO] ThirdParty:1030 - CMSIS Pack Vendor :EmbeddedOffice I-CUBE-FS-RTOS 1.0.1
2025-04-30 14:07:26,571 [INFO] ThirdParty:1030 - CMSIS Pack Vendor :STMicroelectronics lwIP 2.0.3
2025-04-30 14:07:26,571 [INFO] ThirdParty:1030 - CMSIS Pack Vendor :STMicroelectronics FP-SNS-FLIGHT1 5.0.2
2025-04-30 14:07:26,572 [INFO] ThirdParty:1030 - CMSIS Pack Vendor :Cesanta I-CUBE-Mongoose 7.13.0
2025-04-30 14:07:26,572 [INFO] ThirdParty:1030 - CMSIS Pack Vendor :STMicroelectronics USB_HOST 1.0.0
2025-04-30 14:07:26,572 [INFO] ThirdParty:1030 - CMSIS Pack Vendor :Infineon AIROC-Wi-Fi-Bluetooth-STM32 1.7.0
2025-04-30 14:07:26,573 [INFO] ThirdParty:1030 - CMSIS Pack Vendor :STMicroelectronics X-CUBE-AZRTOS-G4 2.0.0
2025-04-30 14:07:26,573 [INFO] ThirdParty:1030 - CMSIS Pack Vendor :STMicroelectronics X-CUBE-WB05N 2.0.0
2025-04-30 14:07:26,573 [INFO] ThirdParty:1030 - CMSIS Pack Vendor :STMicroelectronics PDM2PCM 3.1.0
2025-04-30 14:07:26,573 [INFO] ThirdParty:1030 - CMSIS Pack Vendor :STMicroelectronics PDM2PCM 3.3.0
2025-04-30 14:07:26,573 [INFO] ThirdParty:1030 - CMSIS Pack Vendor :STMicroelectronics X-CUBE-DISPLAY 3.0.0
2025-04-30 14:07:26,573 [INFO] ThirdParty:1030 - CMSIS Pack Vendor :STMicroelectronics X-CUBE-TCPP 4.2.0
2025-04-30 14:07:26,573 [INFO] ThirdParty:1030 - CMSIS Pack Vendor :RealThread X-CUBE-RT-Thread_Nano 4.1.1
2025-04-30 14:07:26,573 [INFO] ThirdParty:1030 - CMSIS Pack Vendor :STMicroelectronics X-CUBE-BLE1 7.0.0
2025-04-30 14:07:26,573 [INFO] ThirdParty:1030 - CMSIS Pack Vendor :STMicroelectronics FP-ATR-SIGFOX1 3.2.0
2025-04-30 14:07:26,573 [INFO] ThirdParty:1030 - CMSIS Pack Vendor :STMicroelectronics X-CUBE-NFC10 1.0.0
2025-04-30 14:07:26,573 [INFO] ThirdParty:1030 - CMSIS Pack Vendor :quantropi X-CUBE-qispace-sdk-base 1.9.3
2025-04-30 14:07:26,573 [INFO] ThirdParty:1030 - CMSIS Pack Vendor :STMicroelectronics X-CUBE-BLEMGR 4.0.0
2025-04-30 14:07:26,573 [INFO] ThirdParty:1030 - CMSIS Pack Vendor :STMicroelectronics X-CUBE-EEPRMA1 5.1.0
2025-04-30 14:07:26,573 [INFO] ThirdParty:1030 - CMSIS Pack Vendor :STMicroelectronics HAL Drivers 0.0.0
2025-04-30 14:07:26,573 [INFO] ThirdParty:1030 - CMSIS Pack Vendor :STMicroelectronics MBEDTLS 2.16.2
2025-04-30 14:07:26,573 [INFO] ThirdParty:1030 - CMSIS Pack Vendor :STMicroelectronics X-CUBE-IPS 3.1.0
2025-04-30 14:07:26,573 [INFO] ThirdParty:1030 - CMSIS Pack Vendor :STMicroelectronics X-CUBE-ALS 1.0.2
2025-04-30 14:07:26,573 [INFO] ThirdParty:1030 - CMSIS Pack Vendor :emotas I-CUBE-CANOPEN 1.3.0
2025-04-30 14:07:26,573 [INFO] ThirdParty:1030 - CMSIS Pack Vendor :STMicroelectronics X-CUBE-FREERTOS 1.3.0
2025-04-30 14:07:26,573 [INFO] ThirdParty:1030 - CMSIS Pack Vendor :STMicroelectronics X-CUBE-NFC7 1.0.1
2025-04-30 14:07:26,573 [INFO] ThirdParty:1030 - CMSIS Pack Vendor :STMicroelectronics MBEDTLS 2.14.1
2025-04-30 14:07:26,574 [INFO] ThirdParty:1030 - CMSIS Pack Vendor :wolfSSL I-CUBE-wolfSSL 5.7.6
2025-04-30 14:07:26,574 [INFO] ThirdParty:1030 - CMSIS Pack Vendor :ITTIA_DB I-CUBE-ITTIADB 8.9.0
2025-04-30 14:07:26,574 [INFO] ThirdParty:1030 - CMSIS Pack Vendor :STMicroelectronics X-CUBE-TOUCHGFX 4.24.2
2025-04-30 14:07:26,574 [INFO] ThirdParty:1030 - CMSIS Pack Vendor :wolfSSL I-CUBE-wolfTPM 3.4.0
2025-04-30 14:07:26,574 [INFO] ThirdParty:1030 - CMSIS Pack Vendor :portGmbH I-Cube-SoM-uGOAL 1.1.0
2025-04-30 14:07:26,574 [INFO] ThirdParty:1030 - CMSIS Pack Vendor :STMicroelectronics X-CUBE-AI 10.0.0
2025-04-30 14:07:26,574 [INFO] ThirdParty:1030 - CMSIS Pack Vendor :STMicroelectronics ThreadX 1.0.0
2025-04-30 14:07:26,574 [INFO] ThirdParty:1030 - CMSIS Pack Vendor :STMicroelectronics FP-SNS-SMARTAG2 1.2.0
2025-04-30 14:07:26,574 [INFO] ThirdParty:1030 - CMSIS Pack Vendor :STMicroelectronics FP-SNS-FLIGHT1 5.1.0
2025-04-30 14:07:26,574 [INFO] ThirdParty:1030 - CMSIS Pack Vendor :STMicroelectronics X-CUBE-MEMS1 11.1.0
2025-04-30 14:07:26,574 [INFO] ThirdParty:1030 - CMSIS Pack Vendor :STMicroelectronics X-CUBE-AZRTOS-WL 2.0.0
2025-04-30 14:07:26,574 [INFO] ThirdParty:1030 - CMSIS Pack Vendor :SEGGER I-CUBE-embOS 1.3.1
2025-04-30 14:07:26,574 [INFO] ThirdParty:1030 - CMSIS Pack Vendor :STMicroelectronics X-CUBE-ALGOBUILD 1.4.0
2025-04-30 14:07:26,574 [INFO] ThirdParty:1030 - CMSIS Pack Vendor :STMicroelectronics X-CUBE-DPower 1.3.0
2025-04-30 14:07:26,574 [INFO] ThirdParty:1030 - CMSIS Pack Vendor :STMicroelectronics FP-SNS-MOTENV1 5.0.0
2025-04-30 14:07:26,574 [INFO] ThirdParty:1030 - CMSIS Pack Vendor :STMicroelectronics USB_DEVICE 1.0.0
2025-04-30 14:07:26,574 [INFO] ThirdParty:1030 - CMSIS Pack Vendor :STMicroelectronics X-CUBE-AZRTOS-H7RS 1.0.0
2025-04-30 14:07:26,574 [INFO] ThirdParty:1030 - CMSIS Pack Vendor :wolfSSL I-CUBE-wolfMQTT 1.19.0
2025-04-30 14:07:26,574 [INFO] ThirdParty:1030 - CMSIS Pack Vendor :STMicroelectronics X-CUBE-AZRTOS-L4 2.0.0
2025-04-30 14:07:26,574 [INFO] ThirdParty:1030 - CMSIS Pack Vendor :STMicroelectronics ThreadX 0.0.2
2025-04-30 14:07:26,574 [INFO] ThirdParty:1030 - CMSIS Pack Vendor :WES I-CUBE-Cesium 1.3.0
2025-04-30 14:07:26,574 [INFO] ThirdParty:1030 - CMSIS Pack Vendor :STMicroelectronics lwIP 2.1.2
2025-04-30 14:07:26,575 [INFO] ThirdParty:1030 - CMSIS Pack Vendor :STMicroelectronics X-CUBE-SFXS2LP1 4.0.0
2025-04-30 14:07:26,575 [INFO] ThirdParty:1030 - CMSIS Pack Vendor :STMicroelectronics X-CUBE-BLE2 3.3.0
2025-04-30 14:07:26,575 [INFO] ThirdParty:1030 - CMSIS Pack Vendor :STMicroelectronics X-CUBE-TOF1 3.4.2
2025-04-30 14:07:26,575 [INFO] ThirdParty:1030 - CMSIS Pack Vendor :STMicroelectronics X-CUBE-TOF1 3.4.3
2025-04-30 14:07:26,575 [INFO] ThirdParty:1030 - CMSIS Pack Vendor :STMicroelectronics PDM2PCM 3.2.0
2025-04-30 14:07:26,575 [INFO] ThirdParty:1030 - CMSIS Pack Vendor :wolfSSL I-CUBE-wolfSSH 1.4.17
2025-04-30 14:07:26,575 [INFO] ThirdParty:841 - exiting critical section [change project]
2025-04-30 14:07:26,970 [INFO] PinOutPanel:1589 - setPackage(No Configuration,No Configuration)
2025-04-30 14:07:26,973 [INFO] PinOutPanel:1589 - setPackage(STM32F746NGHx,TFBGA216)
2025-04-30 14:07:27,582 [INFO] UtilMem:75 - Before build in PCC Used Memory: 804372848 Bytes (1073741824)
2025-04-30 14:07:27,898 [INFO] UtilMem:75 - After build in PCC Used Memory: 856285568 Bytes (1073741824)
2025-04-30 14:07:27,926 [INFO] IPUIPlugin:80 - create IPUIPlugin
2025-04-30 14:07:27,926 [INFO] IPUIPlugin:80 - create IPUIPlugin
2025-04-30 14:07:27,926 [INFO] IPUIPlugin:80 - create IPUIPlugin
2025-04-30 14:07:27,926 [INFO] IPUIPlugin:80 - create IPUIPlugin
2025-04-30 14:07:27,926 [INFO] IPUIPlugin:80 - create IPUIPlugin
2025-04-30 14:07:27,926 [INFO] IPUIPlugin:80 - create IPUIPlugin
2025-04-30 14:07:27,926 [INFO] IPUIPlugin:80 - create IPUIPlugin
2025-04-30 14:07:27,926 [INFO] IPUIPlugin:80 - create IPUIPlugin
2025-04-30 14:07:27,926 [INFO] IPUIPlugin:80 - create IPUIPlugin
2025-04-30 14:07:27,926 [INFO] IPUIPlugin:80 - create IPUIPlugin
2025-04-30 14:07:27,927 [INFO] IPUIPlugin:80 - create IPUIPlugin
2025-04-30 14:07:27,927 [INFO] IPUIPlugin:80 - create IPUIPlugin
2025-04-30 14:07:27,927 [INFO] IPUIPlugin:80 - create IPUIPlugin
2025-04-30 14:07:27,927 [INFO] IPUIPlugin:80 - create IPUIPlugin
2025-04-30 14:07:27,927 [INFO] IPUIPlugin:80 - create IPUIPlugin
2025-04-30 14:07:27,927 [INFO] IPUIPlugin:80 - create IPUIPlugin
2025-04-30 14:07:27,927 [INFO] IPUIPlugin:80 - create IPUIPlugin
2025-04-30 14:07:27,927 [INFO] IPUIPlugin:80 - create IPUIPlugin
2025-04-30 14:07:27,927 [INFO] IPUIPlugin:80 - create IPUIPlugin
2025-04-30 14:07:27,927 [INFO] IPUIPlugin:80 - create IPUIPlugin
2025-04-30 14:07:27,927 [INFO] IPUIPlugin:80 - create IPUIPlugin
2025-04-30 14:07:27,927 [INFO] IPUIPlugin:80 - create IPUIPlugin
2025-04-30 14:07:27,927 [INFO] IPUIPlugin:80 - create IPUIPlugin
2025-04-30 14:07:27,928 [INFO] IPUIPlugin:80 - create IPUIPlugin
2025-04-30 14:07:27,928 [INFO] IPUIPlugin:80 - create IPUIPlugin
2025-04-30 14:07:27,928 [INFO] IPUIPlugin:80 - create IPUIPlugin
2025-04-30 14:07:27,928 [INFO] IPUIPlugin:80 - create IPUIPlugin
2025-04-30 14:07:27,928 [INFO] IPUIPlugin:80 - create IPUIPlugin
2025-04-30 14:07:27,928 [INFO] IPUIPlugin:80 - create IPUIPlugin
2025-04-30 14:07:27,928 [INFO] IPUIPlugin:80 - create IPUIPlugin
2025-04-30 14:07:27,928 [INFO] IPUIPlugin:80 - create IPUIPlugin
2025-04-30 14:07:27,928 [INFO] IPUIPlugin:80 - create IPUIPlugin
2025-04-30 14:07:27,929 [INFO] IPUIPlugin:80 - create IPUIPlugin
2025-04-30 14:07:27,929 [INFO] IPUIPlugin:80 - create IPUIPlugin
2025-04-30 14:07:27,929 [INFO] IPUIPlugin:80 - create IPUIPlugin
2025-04-30 14:07:27,929 [INFO] IPUIPlugin:80 - create IPUIPlugin
2025-04-30 14:07:27,929 [INFO] IPUIPlugin:80 - create IPUIPlugin
2025-04-30 14:07:27,929 [INFO] IPUIPlugin:80 - create IPUIPlugin
2025-04-30 14:07:27,929 [INFO] IPUIPlugin:80 - create IPUIPlugin
2025-04-30 14:07:27,930 [INFO] IPUIPlugin:80 - create IPUIPlugin
2025-04-30 14:07:27,930 [INFO] IPUIPlugin:80 - create IPUIPlugin
2025-04-30 14:07:27,930 [INFO] IPUIPlugin:80 - create IPUIPlugin
2025-04-30 14:07:27,930 [INFO] IPUIPlugin:80 - create IPUIPlugin
2025-04-30 14:07:27,930 [INFO] IPUIPlugin:80 - create IPUIPlugin
2025-04-30 14:07:27,930 [INFO] IPUIPlugin:80 - create IPUIPlugin
2025-04-30 14:07:27,930 [INFO] IPUIPlugin:80 - create IPUIPlugin
2025-04-30 14:07:27,931 [INFO] IPUIPlugin:80 - create IPUIPlugin
2025-04-30 14:07:27,931 [INFO] IPUIPlugin:80 - create IPUIPlugin
2025-04-30 14:07:27,931 [INFO] IPUIPlugin:80 - create IPUIPlugin
2025-04-30 14:07:27,931 [INFO] IPUIPlugin:80 - create IPUIPlugin
2025-04-30 14:07:27,931 [INFO] IPUIPlugin:80 - create IPUIPlugin
2025-04-30 14:07:27,931 [INFO] IPUIPlugin:80 - create IPUIPlugin
2025-04-30 14:07:27,931 [INFO] IPUIPlugin:80 - create IPUIPlugin
2025-04-30 14:07:27,931 [INFO] IPUIPlugin:80 - create IPUIPlugin
2025-04-30 14:07:27,932 [INFO] IPUIPlugin:80 - create IPUIPlugin
2025-04-30 14:07:27,932 [INFO] IPUIPlugin:80 - create IPUIPlugin
2025-04-30 14:07:27,932 [INFO] IPUIPlugin:80 - create IPUIPlugin
2025-04-30 14:07:27,932 [INFO] IPUIPlugin:80 - create IPUIPlugin
2025-04-30 14:07:27,932 [INFO] IPUIPlugin:80 - create IPUIPlugin
2025-04-30 14:07:27,933 [INFO] IPUIPlugin:80 - create IPUIPlugin
2025-04-30 14:07:27,933 [INFO] IPUIPlugin:80 - create IPUIPlugin
2025-04-30 14:07:27,933 [INFO] IPUIPlugin:80 - create IPUIPlugin
2025-04-30 14:07:27,933 [INFO] IPUIPlugin:80 - create IPUIPlugin
2025-04-30 14:07:27,933 [INFO] IPUIPlugin:80 - create IPUIPlugin
2025-04-30 14:07:27,934 [INFO] IPUIPlugin:80 - create IPUIPlugin
2025-04-30 14:07:27,934 [INFO] IPUIPlugin:80 - create IPUIPlugin
2025-04-30 14:07:27,934 [INFO] IPUIPlugin:80 - create IPUIPlugin
2025-04-30 14:07:27,934 [INFO] IPUIPlugin:80 - create IPUIPlugin
2025-04-30 14:07:27,934 [INFO] IPUIPlugin:80 - create IPUIPlugin
2025-04-30 14:07:27,935 [INFO] IPUIPlugin:80 - create IPUIPlugin
2025-04-30 14:07:27,935 [INFO] IPUIPlugin:80 - create IPUIPlugin
2025-04-30 14:07:27,935 [INFO] IPUIPlugin:80 - create IPUIPlugin
2025-04-30 14:07:27,936 [INFO] IPUIPlugin:80 - create IPUIPlugin
2025-04-30 14:07:27,936 [INFO] IPUIPlugin:80 - create IPUIPlugin
2025-04-30 14:07:27,950 [INFO] ApiDbMcu:508 - Load IP Config File for PDM2PCM
2025-04-30 14:07:28,017 [INFO] CADModel:165 - CPN selected for project levelSTM32F746NGH6
2025-04-30 14:07:28,017 [INFO] CADModel:114 - Register for checkConnection events
2025-04-30 14:07:28,101 [INFO] OpenFileManager:363 - Restore cursor
2025-04-30 14:09:07,971 [INFO] UtilMem:75 - End SaveConfig() Used Memory: 826405376 Bytes (1073741824)
2025-04-30 14:09:20,932 [INFO] UtilMem:75 - End SaveConfig() Used Memory: 865075200 Bytes (1073741824)
2025-04-30 14:09:21,185 [INFO] UtilMem:75 - End SaveConfig() Used Memory: 962592768 Bytes (1073741824)
2025-04-30 14:09:21,434 [INFO] BlockDiagram:2766 - set Specific Code input for plugin: SYS
2025-04-30 14:09:21,434 [INFO] BlockDiagram:2766 - set Specific Code input for plugin: RCC
2025-04-30 14:09:21,434 [INFO] BlockDiagram:2766 - set Specific Code input for plugin: NVIC
2025-04-30 14:09:21,434 [INFO] BlockDiagram:2766 - set Specific Code input for plugin: USART
2025-04-30 14:09:21,435 [INFO] BlockDiagram:2766 - set Specific Code input for plugin: GPIO
2025-04-30 14:09:21,436 [INFO] CodeGenerator:896 - code generatio: config db path: C:\ST\STM32CubeIDE_1.17.0\STM32CubeIDE\plugins\com.st.stm32cube.common.mx_6.13.0.202411220809\\db\
2025-04-30 14:09:21,570 [INFO] CodeEngine:255 - oldGeneratedFile, C:\Users\debor\OneDrive\Desktop\ENSEA\ENSEA_24-25\Semestre_10\Noyau_temps_reel\FreeRTOS\rtos_td_shell\MXTmpFiles\license.tmp_save
2025-04-30 14:09:21,887 [INFO] CodeEngine:279 - Generated code: C:\Users\debor\OneDrive\Desktop\ENSEA\ENSEA_24-25\Semestre_10\Noyau_temps_reel\FreeRTOS\rtos_td_shell\MXTmpFiles\license.tmp
2025-04-30 14:09:21,935 [INFO] CodeEngine:255 - oldGeneratedFile, C:\Users\debor\OneDrive\Desktop\ENSEA\ENSEA_24-25\Semestre_10\Noyau_temps_reel\FreeRTOS\rtos_td_shell\Core\Src\gpio.c_save
2025-04-30 14:09:22,054 [INFO] CodeEngine:279 - Generated code: C:\Users\debor\OneDrive\Desktop\ENSEA\ENSEA_24-25\Semestre_10\Noyau_temps_reel\FreeRTOS\rtos_td_shell\Core\Src\gpio.c
2025-04-30 14:09:22,062 [INFO] CodeEngine:255 - oldGeneratedFile, C:\Users\debor\OneDrive\Desktop\ENSEA\ENSEA_24-25\Semestre_10\Noyau_temps_reel\FreeRTOS\rtos_td_shell\Core\Inc\gpio.h_save
2025-04-30 14:09:22,149 [INFO] CodeEngine:279 - Generated code: C:\Users\debor\OneDrive\Desktop\ENSEA\ENSEA_24-25\Semestre_10\Noyau_temps_reel\FreeRTOS\rtos_td_shell\Core\Inc\gpio.h
2025-04-30 14:09:22,214 [INFO] CodeEngine:255 - oldGeneratedFile, C:\Users\debor\OneDrive\Desktop\ENSEA\ENSEA_24-25\Semestre_10\Noyau_temps_reel\FreeRTOS\rtos_td_shell\MXTmpFiles\cortex.tmp_save
2025-04-30 14:09:22,306 [INFO] CodeEngine:279 - Generated code: C:\Users\debor\OneDrive\Desktop\ENSEA\ENSEA_24-25\Semestre_10\Noyau_temps_reel\FreeRTOS\rtos_td_shell\MXTmpFiles\cortex.tmp
2025-04-30 14:09:22,318 [INFO] CodeEngine:255 - oldGeneratedFile, C:\Users\debor\OneDrive\Desktop\ENSEA\ENSEA_24-25\Semestre_10\Noyau_temps_reel\FreeRTOS\rtos_td_shell\Core\Src\usart.c_save
2025-04-30 14:09:22,433 [INFO] CodeEngine:279 - Generated code: C:\Users\debor\OneDrive\Desktop\ENSEA\ENSEA_24-25\Semestre_10\Noyau_temps_reel\FreeRTOS\rtos_td_shell\Core\Src\usart.c
2025-04-30 14:09:22,441 [INFO] CodeEngine:255 - oldGeneratedFile, C:\Users\debor\OneDrive\Desktop\ENSEA\ENSEA_24-25\Semestre_10\Noyau_temps_reel\FreeRTOS\rtos_td_shell\Core\Inc\usart.h_save
2025-04-30 14:09:22,507 [INFO] CodeEngine:279 - Generated code: C:\Users\debor\OneDrive\Desktop\ENSEA\ENSEA_24-25\Semestre_10\Noyau_temps_reel\FreeRTOS\rtos_td_shell\Core\Inc\usart.h
2025-04-30 14:09:22,520 [INFO] CodeEngine:255 - oldGeneratedFile, C:\Users\debor\OneDrive\Desktop\ENSEA\ENSEA_24-25\Semestre_10\Noyau_temps_reel\FreeRTOS\rtos_td_shell\Core\Src\stm32f7xx_it.c_save
2025-04-30 14:09:22,726 [INFO] CodeEngine:279 - Generated code: C:\Users\debor\OneDrive\Desktop\ENSEA\ENSEA_24-25\Semestre_10\Noyau_temps_reel\FreeRTOS\rtos_td_shell\Core\Src\stm32f7xx_it.c
2025-04-30 14:09:22,733 [INFO] CodeEngine:255 - oldGeneratedFile, C:\Users\debor\OneDrive\Desktop\ENSEA\ENSEA_24-25\Semestre_10\Noyau_temps_reel\FreeRTOS\rtos_td_shell\Core\Inc\stm32f7xx_it.h_save
2025-04-30 14:09:22,793 [INFO] CodeEngine:279 - Generated code: C:\Users\debor\OneDrive\Desktop\ENSEA\ENSEA_24-25\Semestre_10\Noyau_temps_reel\FreeRTOS\rtos_td_shell\Core\Inc\stm32f7xx_it.h
2025-04-30 14:09:22,811 [INFO] CodeEngine:255 - oldGeneratedFile, C:\Users\debor\OneDrive\Desktop\ENSEA\ENSEA_24-25\Semestre_10\Noyau_temps_reel\FreeRTOS\rtos_td_shell\Core\Src\stm32f7xx_hal_msp.c_save
2025-04-30 14:09:22,888 [INFO] CodeEngine:279 - Generated code: C:\Users\debor\OneDrive\Desktop\ENSEA\ENSEA_24-25\Semestre_10\Noyau_temps_reel\FreeRTOS\rtos_td_shell\Core\Src\stm32f7xx_hal_msp.c
2025-04-30 14:09:22,895 [INFO] CodeEngine:255 - oldGeneratedFile, C:\Users\debor\OneDrive\Desktop\ENSEA\ENSEA_24-25\Semestre_10\Noyau_temps_reel\FreeRTOS\rtos_td_shell\MXTmpFiles\system.tmp_save
2025-04-30 14:09:22,958 [INFO] CodeEngine:279 - Generated code: C:\Users\debor\OneDrive\Desktop\ENSEA\ENSEA_24-25\Semestre_10\Noyau_temps_reel\FreeRTOS\rtos_td_shell\MXTmpFiles\system.tmp
2025-04-30 14:09:22,967 [INFO] CodeEngine:255 - oldGeneratedFile, C:\Users\debor\OneDrive\Desktop\ENSEA\ENSEA_24-25\Semestre_10\Noyau_temps_reel\FreeRTOS\rtos_td_shell\Core\Src\stm32f7xx_hal_timebase_tim.c_save
2025-04-30 14:09:23,032 [INFO] CodeEngine:279 - Generated code: C:\Users\debor\OneDrive\Desktop\ENSEA\ENSEA_24-25\Semestre_10\Noyau_temps_reel\FreeRTOS\rtos_td_shell\Core\Src\stm32f7xx_hal_timebase_tim.c
2025-04-30 14:09:23,049 [INFO] CodeEngine:311 - oldGeneratedFile, C:\Users\debor\OneDrive\Desktop\ENSEA\ENSEA_24-25\Semestre_10\Noyau_temps_reel\FreeRTOS\rtos_td_shell\Core\Inc\stm32f7xx_hal_conf.h_save
2025-04-30 14:09:23,107 [INFO] CodeEngine:335 - Generated code: C:\Users\debor\OneDrive\Desktop\ENSEA\ENSEA_24-25\Semestre_10\Noyau_temps_reel\FreeRTOS\rtos_td_shell\Core\Inc\stm32f7xx_hal_conf.h
2025-04-30 14:09:23,135 [INFO] ApiDbMcu:508 - Load IP Config File for USART1
2025-04-30 14:09:23,139 [INFO] ApiDbMcu:508 - Load IP Config File for RCC
2025-04-30 14:09:23,151 [INFO] CodeEngine:255 - oldGeneratedFile, C:\Users\debor\OneDrive\Desktop\ENSEA\ENSEA_24-25\Semestre_10\Noyau_temps_reel\FreeRTOS\rtos_td_shell\Core\Inc\main.h_save
2025-04-30 14:09:23,276 [INFO] CodeEngine:279 - Generated code: C:\Users\debor\OneDrive\Desktop\ENSEA\ENSEA_24-25\Semestre_10\Noyau_temps_reel\FreeRTOS\rtos_td_shell\Core\Inc\main.h
2025-04-30 14:09:23,287 [INFO] CodeEngine:255 - oldGeneratedFile, C:\Users\debor\OneDrive\Desktop\ENSEA\ENSEA_24-25\Semestre_10\Noyau_temps_reel\FreeRTOS\rtos_td_shell\Core\Src\main.c_save
2025-04-30 14:09:23,383 [INFO] CodeEngine:279 - Generated code: C:\Users\debor\OneDrive\Desktop\ENSEA\ENSEA_24-25\Semestre_10\Noyau_temps_reel\FreeRTOS\rtos_td_shell\Core\Src\main.c
2025-04-30 14:09:23,777 [INFO] ProjectBuilder:3289 - Time for Copy HAL[1] : 195mS.
2025-04-30 14:09:23,782 [INFO] ProjectBuilder:4876 - Project Generator version: 4.5.0-RC5
2025-04-30 14:09:23,855 [INFO] ConfigFileManager:1579 - The Die is : DIE449
2025-04-30 14:09:23,860 [INFO] ApiDbMcu:508 - Load IP Config File for FATFS
2025-04-30 14:09:23,864 [INFO] ApiDbMcu:508 - Load IP Config File for FREERTOS
2025-04-30 14:09:23,867 [INFO] ApiDbMcu:508 - Load IP Config File for LIBJPEG
2025-04-30 14:09:23,874 [INFO] ApiDbMcu:508 - Load IP Config File for LWIP
2025-04-30 14:09:23,879 [INFO] ApiDbMcu:508 - Load IP Config File for MBEDTLS
2025-04-30 14:09:23,885 [INFO] ApiDbMcu:508 - Load IP Config File for USB_DEVICE
2025-04-30 14:09:23,889 [INFO] ApiDbMcu:508 - Load IP Config File for USB_HOST
2025-04-30 14:09:24,978 [INFO] ProjectBuilder:5154 - Time for Generating toolchain IDE Files: 1197mS.
2025-04-30 14:09:24,979 [INFO] ProjectBuilder:3146 - Time for Copy CMSIS : 1mS.
2025-04-30 14:09:24,980 [INFO] ProjectBuilder:3146 - Time for Copy CMSIS : 0mS.
