2025-05-07 08:23:34,181 [INFO] Activator:176 - 


2025-05-07 08:23:34,184 [INFO] Activator:177 - !SESSION log4j initialized
2025-05-07 08:23:37,829 [INFO] LogOutputStream:77 - [STDOUT_REDIRECT] 
2025-05-07 08:23:40,912 [INFO] ApplicationProperties:184 - Using Application install path: C:\ST\STM32CubeIDE_1.17.0\STM32CubeIDE\plugins\com.st.stm32cube.common.mx_6.13.0.202411220809
2025-05-07 08:23:40,942 [INFO] DbMcusXml:78 - Set database path to: C:\ST\STM32CubeIDE_1.17.0\STM32CubeIDE\plugins\com.st.stm32cube.common.mx_6.13.0.202411220809\\db\/mcu/
2025-05-07 08:23:40,942 [INFO] ApiDb:274 - Set plugin database path to: C:\ST\STM32CubeIDE_1.17.0\STM32CubeIDE\plugins\com.st.stm32cube.common.mx_6.13.0.202411220809\\db\/plugins/boardmanager/
2025-05-07 08:23:40,943 [WARN] ApiDb:259 - Overriding images path with different value:  => C:\ST\STM32CubeIDE_1.17.0\STM32CubeIDE\plugins\com.st.stm32cube.common.mx_6.13.0.202411220809\\db\/plugins/mcufinder/images/
2025-05-07 08:23:40,956 [INFO] ApiDb:250 - Set database path to: C:\Users\debor\.stmcufinder\plugins\mcufinder//mcu/
2025-05-07 08:23:40,958 [INFO] DbMcusAds:125 - Set database path to: C:\Users\debor\.stmcufinder\plugins\mcufinder//mcu/
2025-05-07 08:23:40,961 [INFO] CrossReferenceDbSqlite:203 - Set database path to: C:\Users\debor\.stmcufinder\plugins\mcufinder//mcu/cs/
2025-05-07 08:23:41,106 [INFO] RulesReader:64 - Compatibility file has been processed (297 Rules)
2025-05-07 08:23:41,238 [INFO] DbMcusXml:78 - Set database path to: C:\ST\STM32CubeIDE_1.17.0\STM32CubeIDE\plugins\com.st.stm32cube.common.mx_6.13.0.202411220809\\db\/mcu/
2025-05-07 08:23:41,238 [INFO] ApiDb:274 - Set plugin database path to: C:\ST\STM32CubeIDE_1.17.0\STM32CubeIDE\plugins\com.st.stm32cube.common.mx_6.13.0.202411220809\\db\/plugins/boardmanager/
2025-05-07 08:23:41,238 [INFO] ApiDb:261 - Set plugin images path to: C:\ST\STM32CubeIDE_1.17.0\STM32CubeIDE\plugins\com.st.stm32cube.common.mx_6.13.0.202411220809\\db\/plugins/mcufinder/images/
2025-05-07 08:23:41,239 [WARN] DbFile:41 - Overriding database path with different value: C:\Users\debor\.stmcufinder\plugins\mcufinder/ => C:\Users\debor\.stmcufinder\plugins\mcufinder
2025-05-07 08:23:41,239 [INFO] ApiDb:250 - Set database path to: C:\Users\debor\.stmcufinder\plugins\mcufinder//mcu/
2025-05-07 08:23:41,239 [WARN] DbFile:41 - Overriding database path with different value: C:\Users\debor\.stmcufinder\plugins\mcufinder/ => C:\Users\debor\.stmcufinder\plugins\mcufinder
2025-05-07 08:23:41,239 [INFO] DbMcusAds:125 - Set database path to: C:\Users\debor\.stmcufinder\plugins\mcufinder//mcu/
2025-05-07 08:23:41,240 [WARN] DbFile:41 - Overriding database path with different value: C:\Users\debor\.stmcufinder\plugins\mcufinder/ => C:\Users\debor\.stmcufinder\plugins\mcufinder
2025-05-07 08:23:41,240 [WARN] DbFile:41 - Overriding database path with different value: C:\Users\debor\.stmcufinder\plugins\mcufinder/ => C:\Users\debor\.stmcufinder\plugins\mcufinder
2025-05-07 08:23:41,240 [INFO] CrossReferenceDbSqlite:203 - Set database path to: C:\Users\debor\.stmcufinder\plugins\mcufinder//mcu/cs/
2025-05-07 08:23:41,336 [INFO] MainPanel:272 - HeapMemory: 268435456
2025-05-07 08:23:41,487 [INFO] DbMcusXml:78 - Set database path to: C:\ST\STM32CubeIDE_1.17.0\STM32CubeIDE\plugins\com.st.stm32cube.common.mx_6.13.0.202411220809\\db\/mcu/
2025-05-07 08:23:41,487 [INFO] ApiDb:274 - Set plugin database path to: C:\ST\STM32CubeIDE_1.17.0\STM32CubeIDE\plugins\com.st.stm32cube.common.mx_6.13.0.202411220809\\db\/plugins/boardmanager/
2025-05-07 08:23:41,487 [INFO] ApiDb:261 - Set plugin images path to: C:\ST\STM32CubeIDE_1.17.0\STM32CubeIDE\plugins\com.st.stm32cube.common.mx_6.13.0.202411220809\\db\/plugins/mcufinder/images/
2025-05-07 08:23:41,488 [WARN] DbFile:41 - Overriding database path with different value: C:\Users\debor\.stmcufinder\plugins\mcufinder/ => C:\Users\debor\.stmcufinder\plugins\mcufinder
2025-05-07 08:23:41,488 [INFO] ApiDb:250 - Set database path to: C:\Users\debor\.stmcufinder\plugins\mcufinder//mcu/
2025-05-07 08:23:41,488 [WARN] DbFile:41 - Overriding database path with different value: C:\Users\debor\.stmcufinder\plugins\mcufinder/ => C:\Users\debor\.stmcufinder\plugins\mcufinder
2025-05-07 08:23:41,488 [INFO] DbMcusAds:125 - Set database path to: C:\Users\debor\.stmcufinder\plugins\mcufinder//mcu/
2025-05-07 08:23:41,488 [WARN] DbFile:41 - Overriding database path with different value: C:\Users\debor\.stmcufinder\plugins\mcufinder/ => C:\Users\debor\.stmcufinder\plugins\mcufinder
2025-05-07 08:23:41,489 [WARN] DbFile:41 - Overriding database path with different value: C:\Users\debor\.stmcufinder\plugins\mcufinder/ => C:\Users\debor\.stmcufinder\plugins\mcufinder
2025-05-07 08:23:41,489 [INFO] CrossReferenceDbSqlite:203 - Set database path to: C:\Users\debor\.stmcufinder\plugins\mcufinder//mcu/cs/
2025-05-07 08:23:41,511 [INFO] ApplicationProperties:184 - Using Application install path: C:\ST\STM32CubeIDE_1.17.0\STM32CubeIDE\plugins\com.st.stm32cube.common.mx_6.13.0.202411220809
2025-05-07 08:23:41,513 [INFO] PluginManage:196 - Search for loadable plugins [exclusion list=, ]
2025-05-07 08:23:41,514 [INFO] PluginManage:310 - Check plugin analytics
2025-05-07 08:23:41,867 [INFO] AnalyticsPlugin:253 - Accepted Software Licenses: 
2025-05-07 08:23:41,868 [INFO] AnalyticsPlugin:255 - Accepted CMSIS Pack Licenses: 
2025-05-07 08:23:41,868 [INFO] AnalyticsPlugin:257 - Accepted Firmware Licenses: FW.F7.1.17.0,FW.L4.1.18.0,FW.G4.1.6.0
2025-05-07 08:23:41,876 [INFO] PluginManage:359 - Loaded plugin analytics (category:tool,tabindex:-1)
2025-05-07 08:23:41,876 [INFO] PluginManage:310 - Check plugin cadmodel
2025-05-07 08:23:41,888 [INFO] CADModel:105 - Init CAD model plugin
2025-05-07 08:23:41,889 [INFO] PluginManage:359 - Loaded plugin cadmodel (category:power,tabindex:5)
2025-05-07 08:23:41,889 [INFO] PluginManage:310 - Check plugin clock
2025-05-07 08:23:41,910 [INFO] PluginManage:359 - Loaded plugin clock (category:base,tabindex:2)
2025-05-07 08:23:41,910 [INFO] PluginManage:310 - Check plugin ddr
2025-05-07 08:23:41,915 [INFO] PluginManage:359 - Loaded plugin ddr (category:tool,tabindex:6)
2025-05-07 08:23:41,915 [INFO] PluginManage:310 - Check plugin filemanager
2025-05-07 08:23:42,357 [INFO] PluginManage:359 - Loaded plugin filemanager (category:base,tabindex:10)
2025-05-07 08:23:42,357 [INFO] PluginManage:310 - Check plugin ipmanager
2025-05-07 08:23:42,366 [INFO] PluginManage:359 - Loaded plugin ipmanager (category:base,tabindex:5)
2025-05-07 08:23:42,367 [INFO] PluginManage:310 - Check plugin lpbam
2025-05-07 08:23:42,377 [INFO] PluginManage:359 - Loaded plugin lpbam (category:base,tabindex:0)
2025-05-07 08:23:42,377 [INFO] PluginManage:310 - Check plugin memorymap
2025-05-07 08:23:42,406 [INFO] PluginManage:359 - Loaded plugin memorymap (category:base,tabindex:4)
2025-05-07 08:23:42,406 [INFO] PluginManage:310 - Check plugin pinoutandconfiguration
2025-05-07 08:23:42,422 [INFO] PluginManage:359 - Loaded plugin pinoutandconfiguration (category:base,tabindex:1)
2025-05-07 08:23:42,422 [INFO] PluginManage:310 - Check plugin pinoutconfig
2025-05-07 08:23:42,570 [WARN] SupportedApi:132 - Cannot load RTOS API schema: s4s-elt-must-match.1: The content of 'definitions' must match (annotation?, (simpleType | complexType)?, (unique | key | keyref)*)). A problem was found starting at: attribute.
2025-05-07 08:23:42,743 [INFO] PluginManage:359 - Loaded plugin pinoutconfig (category:base,tabindex:0)
2025-05-07 08:23:42,743 [INFO] PluginManage:310 - Check plugin power
2025-05-07 08:23:42,754 [INFO] PluginManage:359 - Loaded plugin power (category:power,tabindex:4)
2025-05-07 08:23:42,754 [INFO] PluginManage:310 - Check plugin projectmanager
2025-05-07 08:23:42,775 [INFO] PluginManage:359 - Loaded plugin projectmanager (category:projectmanager,tabindex:4)
2025-05-07 08:23:42,775 [INFO] PluginManage:310 - Check plugin rif
2025-05-07 08:23:42,787 [INFO] PluginManage:359 - Loaded plugin rif (category:base,tabindex:3)
2025-05-07 08:23:42,787 [INFO] PluginManage:310 - Check plugin thirdparty
2025-05-07 08:23:43,015 [INFO] PluginManage:359 - Loaded plugin thirdparty (category:base,tabindex:-1)
2025-05-07 08:23:43,015 [WARN] IntegrityCheckThread:84 - waiting for thirdparty lock release [integrity check]
2025-05-07 08:23:43,016 [INFO] IntegrityCheckThread:86 - entering critical section [integrity check]
2025-05-07 08:23:43,016 [INFO] PluginManage:310 - Check plugin tools
2025-05-07 08:23:43,016 [INFO] ThirdPartyUpdaterWithRetryManager:70 - Updater plugin not ready yet. [1/15]
2025-05-07 08:23:43,023 [INFO] PluginManage:359 - Loaded plugin tools (category:base,tabindex:7)
2025-05-07 08:23:43,023 [INFO] PluginManage:310 - Check plugin tutovideos
2025-05-07 08:23:43,426 [INFO] PluginManage:359 - Loaded plugin tutovideos (category:base,tabindex:-1)
2025-05-07 08:23:43,427 [INFO] PluginManage:310 - Check plugin updater
2025-05-07 08:23:43,465 [INFO] PluginManage:359 - Loaded plugin updater (category:base,tabindex:12)
2025-05-07 08:23:43,466 [INFO] PluginManage:310 - Check plugin userauth
2025-05-07 08:23:43,477 [INFO] UserAuth:118 - Init User Auth plugin
2025-05-07 08:23:43,478 [INFO] PluginManage:359 - Loaded plugin userauth (category:base,tabindex:14)
2025-05-07 08:23:43,479 [INFO] PluginManage:283 - PluginManage : Loaded plugins [18]
2025-05-07 08:23:43,775 [INFO] PinOutPanel:1589 - setPackage(No Configuration,No Configuration)
2025-05-07 08:23:43,866 [INFO] CADModel:165 - CPN selected for project level
2025-05-07 08:23:43,867 [INFO] CADModel:114 - Register for checkConnection events
2025-05-07 08:23:43,886 [INFO] IPUIPlugin:80 - create IPUIPlugin
2025-05-07 08:23:43,886 [INFO] PluginManager:220 - loadIPPluginJar : add adc
2025-05-07 08:23:43,889 [INFO] IPUIPlugin:80 - create IPUIPlugin
2025-05-07 08:23:43,889 [INFO] PluginManager:220 - loadIPPluginJar : add aes
2025-05-07 08:23:43,892 [INFO] IPUIPlugin:80 - create IPUIPlugin
2025-05-07 08:23:43,892 [INFO] PluginManager:220 - loadIPPluginJar : add can
2025-05-07 08:23:43,896 [INFO] IPUIPlugin:80 - create IPUIPlugin
2025-05-07 08:23:43,897 [INFO] PluginManager:220 - loadIPPluginJar : add comp
2025-05-07 08:23:43,902 [INFO] IPUIPlugin:80 - create IPUIPlugin
2025-05-07 08:23:43,902 [INFO] PluginManager:220 - loadIPPluginJar : add cryp
2025-05-07 08:23:43,910 [INFO] IPUIPlugin:80 - create IPUIPlugin
2025-05-07 08:23:43,910 [INFO] PluginManager:220 - loadIPPluginJar : add ddr_ctrl_phy
2025-05-07 08:23:43,914 [INFO] IPUIPlugin:80 - create IPUIPlugin
2025-05-07 08:23:43,914 [INFO] PluginManager:220 - loadIPPluginJar : add dfsdm
2025-05-07 08:23:43,926 [INFO] IPUIPlugin:80 - create IPUIPlugin
2025-05-07 08:23:43,926 [INFO] PluginManager:220 - loadIPPluginJar : add dma
2025-05-07 08:23:43,930 [INFO] IPUIPlugin:80 - create IPUIPlugin
2025-05-07 08:23:43,931 [INFO] PluginManager:220 - loadIPPluginJar : add dma3
2025-05-07 08:23:43,936 [INFO] IPUIPlugin:80 - create IPUIPlugin
2025-05-07 08:23:43,936 [INFO] PluginManager:220 - loadIPPluginJar : add extmemmanager
2025-05-07 08:23:43,940 [INFO] IPUIPlugin:80 - create IPUIPlugin
2025-05-07 08:23:43,940 [INFO] PluginManager:220 - loadIPPluginJar : add fatfs
2025-05-07 08:23:43,949 [INFO] IPUIPlugin:80 - create IPUIPlugin
2025-05-07 08:23:43,949 [INFO] PluginManager:220 - loadIPPluginJar : add fmc
2025-05-07 08:23:43,964 [INFO] IPUIPlugin:80 - create IPUIPlugin
2025-05-07 08:23:43,964 [INFO] PluginManager:220 - loadIPPluginJar : add freertos
2025-05-07 08:23:43,969 [INFO] IPUIPlugin:80 - create IPUIPlugin
2025-05-07 08:23:43,969 [INFO] PluginManager:220 - loadIPPluginJar : add genericplugin
2025-05-07 08:23:43,977 [INFO] IPUIPlugin:80 - create IPUIPlugin
2025-05-07 08:23:43,977 [INFO] PluginManager:220 - loadIPPluginJar : add gfxmmu
2025-05-07 08:23:43,987 [INFO] IPUIPlugin:80 - create IPUIPlugin
2025-05-07 08:23:43,987 [INFO] PluginManager:220 - loadIPPluginJar : add gic
2025-05-07 08:23:43,998 [INFO] IPUIPlugin:80 - create IPUIPlugin
2025-05-07 08:23:43,998 [INFO] PluginManager:220 - loadIPPluginJar : add gpio
2025-05-07 08:23:44,003 [INFO] IPUIPlugin:80 - create IPUIPlugin
2025-05-07 08:23:44,003 [INFO] PluginManager:220 - loadIPPluginJar : add gtzc
2025-05-07 08:23:44,008 [INFO] IPUIPlugin:80 - create IPUIPlugin
2025-05-07 08:23:44,009 [INFO] PluginManager:220 - loadIPPluginJar : add hash
2025-05-07 08:23:44,015 [INFO] IPUIPlugin:80 - create IPUIPlugin
2025-05-07 08:23:44,015 [INFO] PluginManager:220 - loadIPPluginJar : add i2c
2025-05-07 08:23:44,021 [INFO] IPUIPlugin:80 - create IPUIPlugin
2025-05-07 08:23:44,021 [INFO] PluginManager:220 - loadIPPluginJar : add i2s
2025-05-07 08:23:44,030 [INFO] IPUIPlugin:80 - create IPUIPlugin
2025-05-07 08:23:44,030 [INFO] PluginManager:220 - loadIPPluginJar : add i3c
2025-05-07 08:23:44,035 [INFO] IPUIPlugin:80 - create IPUIPlugin
2025-05-07 08:23:44,035 [INFO] PluginManager:220 - loadIPPluginJar : add ipddr
2025-05-07 08:23:44,045 [INFO] IPUIPlugin:80 - create IPUIPlugin
2025-05-07 08:23:44,045 [INFO] PluginManager:220 - loadIPPluginJar : add linkedlist
2025-05-07 08:23:44,067 [INFO] IPUIPlugin:80 - create IPUIPlugin
2025-05-07 08:23:44,067 [INFO] PluginManager:220 - loadIPPluginJar : add lorawan
2025-05-07 08:23:44,086 [INFO] IPUIPlugin:80 - create IPUIPlugin
2025-05-07 08:23:44,086 [INFO] PluginManager:220 - loadIPPluginJar : add ltdc
2025-05-07 08:23:44,096 [INFO] IPUIPlugin:80 - create IPUIPlugin
2025-05-07 08:23:44,096 [INFO] PluginManager:220 - loadIPPluginJar : add mdma
2025-05-07 08:23:44,101 [INFO] IPUIPlugin:80 - create IPUIPlugin
2025-05-07 08:23:44,102 [INFO] PluginManager:220 - loadIPPluginJar : add nvic
2025-05-07 08:23:44,114 [INFO] IPUIPlugin:80 - create IPUIPlugin
2025-05-07 08:23:44,115 [INFO] PluginManager:220 - loadIPPluginJar : add opamp
2025-05-07 08:23:44,132 [INFO] IPUIPlugin:80 - create IPUIPlugin
2025-05-07 08:23:44,132 [INFO] PluginManager:220 - loadIPPluginJar : add openamp
2025-05-07 08:23:44,148 [INFO] IPUIPlugin:80 - create IPUIPlugin
2025-05-07 08:23:44,148 [INFO] PluginManager:220 - loadIPPluginJar : add pdm2pcm
2025-05-07 08:23:44,162 [INFO] IPUIPlugin:80 - create IPUIPlugin
2025-05-07 08:23:44,166 [INFO] PluginManager:220 - loadIPPluginJar : add plateformsettings
2025-05-07 08:23:44,171 [INFO] IPUIPlugin:80 - create IPUIPlugin
2025-05-07 08:23:44,172 [INFO] PluginManager:220 - loadIPPluginJar : add quadspi
2025-05-07 08:23:44,181 [INFO] IPUIPlugin:80 - create IPUIPlugin
2025-05-07 08:23:44,182 [INFO] PluginManager:220 - loadIPPluginJar : add radio
2025-05-07 08:23:44,190 [INFO] IPUIPlugin:80 - create IPUIPlugin
2025-05-07 08:23:44,190 [INFO] PluginManager:220 - loadIPPluginJar : add resmgrutility
2025-05-07 08:23:44,196 [INFO] IPUIPlugin:80 - create IPUIPlugin
2025-05-07 08:23:44,197 [INFO] PluginManager:220 - loadIPPluginJar : add sai
2025-05-07 08:23:44,202 [INFO] IPUIPlugin:80 - create IPUIPlugin
2025-05-07 08:23:44,202 [INFO] PluginManager:220 - loadIPPluginJar : add spi
2025-05-07 08:23:44,210 [INFO] IPUIPlugin:80 - create IPUIPlugin
2025-05-07 08:23:44,210 [INFO] PluginManager:220 - loadIPPluginJar : add stm32_wpan
2025-05-07 08:23:44,215 [INFO] IPUIPlugin:80 - create IPUIPlugin
2025-05-07 08:23:44,215 [INFO] PluginManager:220 - loadIPPluginJar : add tim
2025-05-07 08:23:44,221 [INFO] IPUIPlugin:80 - create IPUIPlugin
2025-05-07 08:23:44,221 [INFO] PluginManager:220 - loadIPPluginJar : add touchsensing
2025-05-07 08:23:44,225 [INFO] IPUIPlugin:80 - create IPUIPlugin
2025-05-07 08:23:44,225 [INFO] PluginManager:220 - loadIPPluginJar : add tracer_emb
2025-05-07 08:23:44,230 [INFO] IPUIPlugin:80 - create IPUIPlugin
2025-05-07 08:23:44,231 [INFO] PluginManager:220 - loadIPPluginJar : add ts
2025-05-07 08:23:44,234 [INFO] IPUIPlugin:80 - create IPUIPlugin
2025-05-07 08:23:44,235 [INFO] PluginManager:220 - loadIPPluginJar : add tsc
2025-05-07 08:23:44,246 [INFO] IPUIPlugin:80 - create IPUIPlugin
2025-05-07 08:23:44,246 [INFO] PluginManager:220 - loadIPPluginJar : add ucpd
2025-05-07 08:23:44,255 [INFO] IPUIPlugin:80 - create IPUIPlugin
2025-05-07 08:23:44,256 [INFO] PluginManager:220 - loadIPPluginJar : add usart
2025-05-07 08:23:44,268 [INFO] IPUIPlugin:80 - create IPUIPlugin
2025-05-07 08:23:44,268 [INFO] PluginManager:220 - loadIPPluginJar : add usbx
2025-05-07 08:23:44,419 [FATAL] Updater:351 - Updater called before beeing initialized
2025-05-07 08:23:44,455 [INFO] RulesReader:64 - Compatibility file has been processed (297 Rules)
2025-05-07 08:23:44,477 [INFO] RulesReader:64 - Compatibility file has been processed (297 Rules)
2025-05-07 08:23:44,501 [INFO] CADModel:165 - CPN selected for project level
2025-05-07 08:23:44,501 [INFO] CADModel:114 - Register for checkConnection events
2025-05-07 08:23:44,502 [FATAL] Updater:351 - Updater called before beeing initialized
2025-05-07 08:23:44,502 [ERROR] CADModel:125 - Updater not yet initialized, retry later 
2025-05-07 08:23:44,829 [FATAL] Updater:351 - Updater called before beeing initialized
2025-05-07 08:23:44,832 [INFO] CADModel:165 - CPN selected for project level
2025-05-07 08:23:44,833 [INFO] CADModel:114 - Register for checkConnection events
2025-05-07 08:23:44,833 [FATAL] Updater:351 - Updater called before beeing initialized
2025-05-07 08:23:44,833 [ERROR] CADModel:125 - Updater not yet initialized, retry later 
2025-05-07 08:23:44,838 [FATAL] Updater:351 - Updater called before beeing initialized
2025-05-07 08:23:45,185 [FATAL] Updater:351 - Updater called before beeing initialized
2025-05-07 08:23:45,200 [INFO] DbMcusAds:53 - JSON generation date=Thu Mar 06 15:54:21 CET 2025 (1741272861825)
2025-05-07 08:23:45,200 [FATAL] Updater:351 - Updater called before beeing initialized
2025-05-07 08:23:45,259 [WARN] DetailPanel:346 - Failed to get advertising image, set to default
2025-05-07 08:23:45,437 [FATAL] Updater:351 - Updater called before beeing initialized
2025-05-07 08:23:45,438 [FATAL] Updater:351 - Updater called before beeing initialized
2025-05-07 08:23:45,440 [FATAL] Updater:351 - Updater called before beeing initialized
2025-05-07 08:23:45,440 [WARN] DetailPanel:346 - Failed to get advertising image, set to default
2025-05-07 08:23:45,441 [FATAL] Updater:351 - Updater called before beeing initialized
2025-05-07 08:23:45,503 [ERROR] Updater:1198 - MainUpdater not yet initialized. External WinMGr cannot be set.
2025-05-07 08:23:45,507 [INFO] Updater:1134 - Updater Version found : 6.13.0
2025-05-07 08:23:45,527 [INFO] ApplicationProperties:184 - Using Application install path: C:\ST\STM32CubeIDE_1.17.0\STM32CubeIDE\plugins\com.st.stm32cube.common.mx_6.13.0.202411220809
2025-05-07 08:23:46,017 [INFO] ThirdPartyUpdaterWithRetryManager:70 - Updater plugin not ready yet. [2/15]
2025-05-07 08:23:47,108 [ERROR] LogOutputStream:75 - [STDERR_REDIRECT] May 07, 2025 8:23:47 AM java.util.prefs.WindowsPreferences <init>
2025-05-07 08:23:47,110 [ERROR] LogOutputStream:75 - [STDERR_REDIRECT] WARNING: Could not open/create prefs root node Software\JavaSoft\Prefs at root 0xffffffff80000002. Windows RegCreateKeyEx(...) returned error code 5.
2025-05-07 08:23:47,111 [ERROR] LogOutputStream:75 - [STDERR_REDIRECT] 
2025-05-07 08:23:47,606 [INFO] MainUpdater:2872 - connection check result : 10
2025-05-07 08:23:47,607 [INFO] MainUpdater:3566 - Updater definition file requires update
2025-05-07 08:23:47,609 [INFO] MainUpdater:289 - Updater Check For Update Now.
2025-05-07 08:23:47,609 [INFO] MicroXplorer:498 - Change Database Version : DB.6.0.130
2025-05-07 08:23:47,620 [INFO] McuFinderGlobals:63 - Set McuFinder mode to 2 (CubeIDE integrated)
2025-05-07 08:23:47,623 [INFO] UserAuth:486 - Internet connection configuration mode: 1
2025-05-07 08:23:47,642 [INFO] ServerAccessManage:473 - Download File updaters.zip
2025-05-07 08:23:47,682 [INFO] JxBrowserEngine:152 - Initiate JxBrowser Engine with user profile folder
2025-05-07 08:23:47,749 [INFO] FileExtend:240 - Unzip File : updaters.zip
2025-05-07 08:23:47,750 [INFO] FileExtend:255 - Standard Zip Deflate
2025-05-07 08:23:48,151 [INFO] ServerAccessManage:473 - Download File PacksControlFlags.xml
2025-05-07 08:23:48,213 [INFO] ServerAccessManage:473 - Download File cubemx.pidx
2025-05-07 08:23:49,020 [WARN] MainUpdater:1193 - Updater busy. Cannot search thirdparties
2025-05-07 08:23:49,021 [INFO] ThirdPartyUpdaterWithRetryManager:96 - Updater plugin is busy. [1/15]
2025-05-07 08:23:49,276 [INFO] ServerAccessManage:473 - Download File STMicroelectronics.X-CUBE-FREERTOS.pdsc
2025-05-07 08:23:49,906 [INFO] ServerAccessManage:473 - Download File STMicroelectronics.X-CUBE-NFC7.pdsc
2025-05-07 08:23:50,425 [INFO] WebApp:168 - Instantiating new browser for Auth
2025-05-07 08:23:50,915 [INFO] CheckServerUpdateThread:120 - End of CheckServer Thread
2025-05-07 08:23:50,975 [WARN] PackLoader:240 - Cannot read IP mode file for STMicroelectronics.X-CUBE-FREERTOS.1.3.1
2025-05-07 08:23:50,996 [WARN] PackLoader:240 - Cannot read IP mode file for STMicroelectronics.X-CUBE-NFC7.2.0.0
2025-05-07 08:23:50,998 [INFO] PopulateThirdPartyThread:66 - Ending populate Thread
2025-05-07 08:23:51,002 [INFO] ThirdParty:1030 - CMSIS Pack Vendor :STMicroelectronics X-CUBE-FREERTOS 1.3.1
2025-05-07 08:23:51,002 [INFO] ThirdParty:1030 - CMSIS Pack Vendor :STMicroelectronics X-CUBE-NFC7 2.0.0
2025-05-07 08:23:51,003 [INFO] LoadServerUpdatesThread:375 - End of LoadServerUpdate Thread
2025-05-07 08:23:52,044 [INFO] WebApp:449 - Apply proxy settings
2025-05-07 08:23:52,044 [INFO] WebApp:534 - Chromium requires no authentication
2025-05-07 08:23:52,062 [INFO] WebApp:477 - Direct internet connection detected
2025-05-07 08:23:52,230 [INFO] WebApp:880 - Register for checkConnection events
2025-05-07 08:23:52,231 [INFO] WebApp:449 - Apply proxy settings
2025-05-07 08:23:52,231 [INFO] WebApp:534 - Chromium requires no authentication
2025-05-07 08:23:52,231 [INFO] WebApp:477 - Direct internet connection detected
2025-05-07 08:23:52,263 [INFO] WebApp:187 - Connection restablished
2025-05-07 08:23:52,453 [WARN] PackLoader:240 - Cannot read IP mode file for STMicroelectronics.FP-SNS-MOTENVWB1.1.4.0
2025-05-07 08:23:52,464 [WARN] PackLoader:240 - Cannot read IP mode file for STMicroelectronics.FP-ATR-ASTRA1.2.0.2
2025-05-07 08:23:52,470 [WARN] PackLoader:240 - Cannot read IP mode file for STMicroelectronics.FP-ATR-ASTRA1.2.0.1
2025-05-07 08:23:52,495 [WARN] PackLoader:240 - Cannot read IP mode file for STMicroelectronics.X-CUBE-SMBUS.2.1.0
2025-05-07 08:23:52,510 [WARN] PackLoader:240 - Cannot read IP mode file for STMicroelectronics.X-CUBE-WB05N.1.1.0
2025-05-07 08:23:52,539 [WARN] PackLoader:240 - Cannot read IP mode file for STMicroelectronics.X-CUBE-AZRTOS-F7.1.1.0
2025-05-07 08:23:52,549 [WARN] PackLoader:240 - Cannot read IP mode file for STMicroelectronics.FP-SNS-FLIGHT1.5.0.2
2025-05-07 08:23:52,580 [WARN] PackLoader:240 - Cannot read IP mode file for Infineon.AIROC-Wi-Fi-Bluetooth-STM32.1.7.0
2025-05-07 08:23:52,597 [WARN] PackLoader:240 - Cannot read IP mode file for STMicroelectronics.X-CUBE-DISPLAY.3.0.0
2025-05-07 08:23:52,614 [WARN] PackLoader:240 - Cannot read IP mode file for STMicroelectronics.X-CUBE-BLE1.7.0.0
2025-05-07 08:23:52,623 [WARN] PackLoader:240 - Cannot read IP mode file for STMicroelectronics.X-CUBE-NFC10.1.0.0
2025-05-07 08:23:52,638 [WARN] PackLoader:240 - Cannot read IP mode file for STMicroelectronics.X-CUBE-BLEMGR.4.0.0
2025-05-07 08:23:52,648 [WARN] PackLoader:240 - Cannot read IP mode file for emotas.I-CUBE-CANOPEN.1.3.0
2025-05-07 08:23:52,653 [WARN] PackLoader:240 - Cannot read IP mode file for STMicroelectronics.X-CUBE-AI.10.0.0
2025-05-07 08:23:52,660 [WARN] PackLoader:240 - Cannot read IP mode file for STMicroelectronics.FP-SNS-SMARTAG2.1.2.0
2025-05-07 08:23:52,666 [WARN] PackLoader:240 - Cannot read IP mode file for STMicroelectronics.FP-SNS-FLIGHT1.5.1.0
2025-05-07 08:23:52,711 [WARN] PackLoader:240 - Cannot read IP mode file for STMicroelectronics.X-CUBE-MEMS1.11.1.0
2025-05-07 08:23:52,854 [INFO] LogOutputStream:77 - [STDOUT_REDIRECT] 1 : Invalid condition id : UX_CORESTACK_Condition cause : null
2025-05-07 08:23:52,856 [INFO] LogOutputStream:77 - [STDOUT_REDIRECT] 1 : Invalid condition id : UX_CORESTACK_Condition cause : null
2025-05-07 08:23:52,858 [INFO] LogOutputStream:77 - [STDOUT_REDIRECT] 1 : Invalid condition id : UX_CORESTACK_Condition cause : null
2025-05-07 08:23:52,860 [INFO] LogOutputStream:77 - [STDOUT_REDIRECT] 1 : Invalid condition id : UX_CORESTACK_Condition cause : null
2025-05-07 08:23:52,862 [INFO] LogOutputStream:77 - [STDOUT_REDIRECT] 1 : Invalid condition id : UX_CORESTACK_Condition cause : null
2025-05-07 08:23:52,864 [WARN] PackLoader:240 - Cannot read IP mode file for STMicroelectronics.X-CUBE-AZRTOS-WL.2.0.0
2025-05-07 08:23:52,869 [WARN] PackLoader:240 - Cannot read IP mode file for STMicroelectronics.FP-SNS-MOTENV1.5.0.0
2025-05-07 08:23:52,875 [WARN] PackLoader:240 - Cannot read IP mode file for wolfSSL.I-CUBE-wolfMQTT.1.19.0
2025-05-07 08:23:52,884 [WARN] PackLoader:240 - Cannot read IP mode file for WES.I-CUBE-Cesium.1.3.0
2025-05-07 08:23:52,887 [WARN] PackLoader:240 - Cannot read IP mode file for STMicroelectronics.X-CUBE-BLE2.3.3.0
2025-05-07 08:23:52,893 [WARN] PackLoader:240 - Cannot read IP mode file for STMicroelectronics.X-CUBE-NFC9.1.0.0
2025-05-07 08:23:52,898 [WARN] PackLoader:240 - Cannot read IP mode file for STMicroelectronics.X-CUBE-BLE1.7.1.0
2025-05-07 08:23:52,991 [WARN] PackLoader:240 - Cannot read IP mode file for STMicroelectronics.X-CUBE-MEMS1.11.2.0
2025-05-07 08:23:53,106 [WARN] PackLoader:240 - Cannot read IP mode file for STMicroelectronics.X-CUBE-AZRTOS-G0.1.1.0
2025-05-07 08:23:53,113 [WARN] PackLoader:240 - Cannot read IP mode file for STMicroelectronics.X-CUBE-SAFEA1.1.2.2
2025-05-07 08:23:53,119 [WARN] PackLoader:240 - Cannot read IP mode file for STMicroelectronics.X-CUBE-NFC4.3.0.0
2025-05-07 08:23:53,128 [WARN] PackLoader:240 - Cannot read IP mode file for EmbeddedOffice.I-CUBE-FS-RTOS.1.0.1
2025-05-07 08:23:53,132 [WARN] PackLoader:240 - Cannot read IP mode file for STMicroelectronics.X-CUBE-WB05N.2.0.0
2025-05-07 08:23:53,137 [WARN] PackLoader:240 - Cannot read IP mode file for STMicroelectronics.X-CUBE-TCPP.4.2.0
2025-05-07 08:23:53,142 [WARN] PackLoader:240 - Cannot read IP mode file for RealThread.X-CUBE-RT-Thread_Nano.4.1.1
2025-05-07 08:23:53,145 [WARN] PackLoader:240 - Cannot read IP mode file for STMicroelectronics.FP-ATR-SIGFOX1.3.2.0
2025-05-07 08:23:53,149 [WARN] ConditionMgr:438 - getConditionDescription Invalid condition id : Cortex-A Device cause : null
2025-05-07 08:23:53,173 [WARN] ConditionMgr:1044 - genDependencies : Invalid condition id : Cortex-A Device cause : null
2025-05-07 08:23:53,174 [WARN] ConditionMgr:1044 - genDependencies : Invalid condition id : Cortex-A Device cause : null
2025-05-07 08:23:53,174 [WARN] ConditionMgr:1044 - genDependencies : Invalid condition id : Cortex-A Device cause : null
2025-05-07 08:23:53,181 [WARN] PackLoader:240 - Cannot read IP mode file for STMicroelectronics.X-CUBE-EEPRMA1.5.1.0
2025-05-07 08:23:53,189 [WARN] PackLoader:240 - Cannot read IP mode file for wolfSSL.I-CUBE-wolfSSL.5.7.6
2025-05-07 08:23:53,196 [WARN] PackLoader:240 - Cannot read IP mode file for ITTIA_DB.I-CUBE-ITTIADB.8.9.0
2025-05-07 08:23:53,230 [WARN] PackLoader:240 - Cannot read IP mode file for SEGGER.I-CUBE-embOS.1.3.1
2025-05-07 08:23:53,255 [WARN] PackLoader:240 - Cannot read IP mode file for STMicroelectronics.X-CUBE-ALGOBUILD.1.4.0
2025-05-07 08:23:53,268 [WARN] PackLoader:240 - Cannot read IP mode file for STMicroelectronics.X-CUBE-AZRTOS-F4.1.1.0
2025-05-07 08:23:53,274 [WARN] PackLoader:240 - Cannot read IP mode file for Avnet-IotConnect.X-CUBE-IoTC-DA16k-PMOD.1.0.0
2025-05-07 08:23:53,280 [WARN] PackLoader:240 - Cannot read IP mode file for STMicroelectronics.X-CUBE-ISPU.2.1.0
2025-05-07 08:23:53,292 [WARN] PackLoader:240 - Cannot read IP mode file for STMicroelectronics.X-CUBE-AZRTOS-L5.2.0.0
2025-05-07 08:23:53,305 [WARN] PackLoader:240 - Cannot read IP mode file for STMicroelectronics.X-CUBE-NFC6.3.1.0
2025-05-07 08:23:53,311 [WARN] PackLoader:240 - Cannot read IP mode file for STMicroelectronics.X-CUBE-DPower.1.2.0
2025-05-07 08:23:53,331 [WARN] PackLoader:240 - Cannot read IP mode file for STMicroelectronics.X-CUBE-FREERTOS.1.3.1
2025-05-07 08:23:53,337 [WARN] PackLoader:240 - Cannot read IP mode file for STMicroelectronics.X-CUBE-FREERTOS.1.3.0
2025-05-07 08:23:53,342 [WARN] PackLoader:240 - Cannot read IP mode file for STMicroelectronics.X-CUBE-NFC7.1.0.1
2025-05-07 08:23:53,351 [WARN] PackLoader:240 - Cannot read IP mode file for STMicroelectronics.X-CUBE-DPower.1.3.0
2025-05-07 08:23:53,363 [WARN] ConditionMgr:438 - getConditionDescription Invalid condition id : LAN8742 Phy interface Condition cause : null
2025-05-07 08:23:53,364 [WARN] PackLoader:240 - Cannot read IP mode file for STMicroelectronics.X-CUBE-AZRTOS-L4.2.0.0
2025-05-07 08:23:53,365 [WARN] ConditionMgr:1044 - genDependencies : Invalid condition id : LAN8742 Phy interface Condition cause : null
2025-05-07 08:23:53,365 [WARN] ConditionMgr:1044 - genDependencies : Invalid condition id : LAN8742 Phy interface Condition cause : null
2025-05-07 08:23:53,365 [WARN] ConditionMgr:1044 - genDependencies : Invalid condition id : LAN8742 Phy interface Condition cause : null
2025-05-07 08:23:53,372 [WARN] PackLoader:240 - Cannot read IP mode file for STMicroelectronics.X-CUBE-SFXS2LP1.4.0.0
2025-05-07 08:23:53,389 [WARN] PackLoader:240 - Cannot read IP mode file for STMicroelectronics.X-CUBE-AZRTOS-H7.3.3.0
2025-05-07 08:23:53,402 [WARN] ConditionMgr:438 - getConditionDescription Invalid condition id : UX DEVICE CLASS RTOS Condition cause : null
2025-05-07 08:23:53,402 [WARN] ConditionMgr:438 - getConditionDescription Invalid condition id : UX DEVICE CLASS RTOS Condition cause : null
2025-05-07 08:23:53,403 [WARN] PackLoader:240 - Cannot read IP mode file for STMicroelectronics.X-CUBE-AZRTOS-WB.2.0.0
2025-05-07 08:23:53,404 [WARN] ConditionMgr:1044 - genDependencies : Invalid condition id : UX DEVICE CLASS RTOS Condition cause : null
2025-05-07 08:23:53,404 [WARN] ConditionMgr:1044 - genDependencies : Invalid condition id : UX DEVICE CLASS RTOS Condition cause : null
2025-05-07 08:23:53,404 [WARN] ConditionMgr:1044 - genDependencies : Invalid condition id : UX DEVICE CLASS RTOS Condition cause : null
2025-05-07 08:23:53,404 [WARN] ConditionMgr:1044 - genDependencies : Invalid condition id : UX DEVICE CLASS RTOS Condition cause : null
2025-05-07 08:23:53,404 [WARN] ConditionMgr:1044 - genDependencies : Invalid condition id : UX DEVICE CLASS RTOS Condition cause : null
2025-05-07 08:23:53,411 [WARN] PackLoader:240 - Cannot read IP mode file for STMicroelectronics.X-CUBE-GNSS1.7.0.1
2025-05-07 08:23:53,419 [WARN] PackLoader:240 - Cannot read IP mode file for STMicroelectronics.X-CUBE-TOUCHGFX.4.25.0
2025-05-07 08:23:53,426 [WARN] PackLoader:240 - Cannot read IP mode file for STMicroelectronics.FP-SNS-STBOX1.2.0.0
2025-05-07 08:23:53,435 [WARN] PackLoader:240 - Cannot read IP mode file for STMicroelectronics.X-CUBE-SUBG2.5.0.0
2025-05-07 08:23:53,457 [WARN] PackLoader:240 - Cannot read IP mode file for STMicroelectronics.X-CUBE-AZRTOS-H7RS.1.1.0
2025-05-07 08:23:53,464 [WARN] PackLoader:240 - Cannot read IP mode file for Cesanta.I-CUBE-Mongoose.7.13.0
2025-05-07 08:23:53,474 [WARN] PackLoader:240 - Cannot read IP mode file for STMicroelectronics.X-CUBE-AZRTOS-G4.2.0.0
2025-05-07 08:23:53,479 [WARN] PackLoader:240 - Cannot read IP mode file for STMicroelectronics.X-CUBE-NFC7.2.0.0
2025-05-07 08:23:53,494 [WARN] PackLoader:240 - Cannot read IP mode file for STMicroelectronics.X-CUBE-IPS.3.1.0
2025-05-07 08:23:53,504 [WARN] PackLoader:240 - Cannot read IP mode file for STMicroelectronics.X-CUBE-ALS.1.0.2
2025-05-07 08:23:53,507 [WARN] PackLoader:240 - Cannot read IP mode file for STMicroelectronics.X-CUBE-TOUCHGFX.4.24.2
2025-05-07 08:23:53,512 [WARN] PackLoader:240 - Cannot read IP mode file for wolfSSL.I-CUBE-wolfTPM.3.4.0
2025-05-07 08:23:53,518 [WARN] PackLoader:240 - Cannot read IP mode file for portGmbH.I-Cube-SoM-uGOAL.1.1.0
2025-05-07 08:23:53,530 [WARN] PackLoader:240 - Cannot read IP mode file for STMicroelectronics.X-CUBE-AZRTOS-H7RS.1.0.0
2025-05-07 08:23:53,540 [WARN] PackLoader:240 - Cannot read IP mode file for STMicroelectronics.X-CUBE-TOF1.3.4.2
2025-05-07 08:23:53,555 [WARN] PackLoader:240 - Cannot read IP mode file for STMicroelectronics.X-CUBE-TOF1.3.4.3
2025-05-07 08:23:53,566 [WARN] PackLoader:240 - Cannot read IP mode file for wolfSSL.I-CUBE-wolfSSH.1.4.17
2025-05-07 08:23:53,566 [INFO] ThirdParty:978 - Integrity check success = true
2025-05-07 08:23:53,566 [INFO] IntegrityCheckThread:100 - exiting critical section [integrity check]
2025-05-07 08:23:53,566 [INFO] IntegrityCheckThread:103 - End integrity checks thread
2025-05-07 08:23:54,082 [INFO] WebApp:221 - Starting web application
2025-05-07 08:23:54,084 [INFO] WebApp:579 - Web application path used C:\ST\STM32CubeIDE_1.17.0\STM32CubeIDE\plugins\com.st.stm32cube.common.mx_6.13.0.202411220809\db\plugins\mcufinder\reactClient1\index.html
2025-05-07 08:23:54,174 [INFO] UserAuth:486 - Internet connection configuration mode: 1
2025-05-07 08:25:51,600 [ERROR] LogOutputStream:75 - [STDERR_REDIRECT] 
